<?xml version="1.0" encoding="utf-8"?>
<coverage line-rate="0.7181000000000001" branch-rate="0.9573999999999999" version="1.9" timestamp="1576354660" lines-covered="79" lines-valid="110" branches-covered="45" branches-valid="47">
  <sources>
    <source></source>
  </sources>
  <packages>
    <package name="Translator.Domain" line-rate="0.7181000000000001" branch-rate="0.9573999999999999" complexity="75">
      <classes>
        <class name="Translator.Domain.Models.Message" filename="c:\Users\studio pc\revature_project\ccctranslator\Translator.Domain\Models\Message.cs" line-rate="0.8665999999999999" branch-rate="1" complexity="7">
          <methods>
            <method name="get_Id" signature="()" line-rate="0" branch-rate="1">
              <lines>
                <line number="13" hits="0" branch="False" />
              </lines>
            </method>
            <method name="get_Content" signature="()" line-rate="1" branch-rate="1">
              <lines>
                <line number="14" hits="4" branch="False" />
              </lines>
            </method>
            <method name="get_TranslatedContent" signature="()" line-rate="1" branch-rate="1">
              <lines>
                <line number="15" hits="6" branch="False" />
              </lines>
            </method>
            <method name="get_MessageDateTime" signature="()" line-rate="1" branch-rate="1">
              <lines>
                <line number="16" hits="2" branch="False" />
              </lines>
            </method>
            <method name="TranslateTo" signature="(System.String)" line-rate="1" branch-rate="1">
              <lines>
                <line number="18" hits="2" branch="False" />
                <line number="19" hits="2" branch="False" />
                <line number="20" hits="2" branch="False" />
                <line number="21" hits="2" branch="False" />
                <line number="22" hits="2" branch="False" />
              </lines>
            </method>
            <method name=".ctor" signature="()" line-rate="0" branch-rate="1">
              <lines>
                <line number="7" hits="0" branch="False" />
              </lines>
            </method>
            <method name=".ctor" signature="(System.String)" line-rate="1" branch-rate="1">
              <lines>
                <line number="8" hits="2" branch="False" />
                <line number="9" hits="2" branch="False" />
                <line number="10" hits="2" branch="False" />
                <line number="11" hits="2" branch="False" />
                <line number="12" hits="2" branch="False" />
              </lines>
            </method>
          </methods>
          <lines>
            <line number="13" hits="0" branch="False" />
            <line number="14" hits="4" branch="False" />
            <line number="15" hits="6" branch="False" />
            <line number="16" hits="2" branch="False" />
            <line number="18" hits="2" branch="False" />
            <line number="19" hits="2" branch="False" />
            <line number="20" hits="2" branch="False" />
            <line number="21" hits="2" branch="False" />
            <line number="22" hits="2" branch="False" />
            <line number="7" hits="0" branch="False" />
            <line number="8" hits="2" branch="False" />
            <line number="9" hits="2" branch="False" />
            <line number="10" hits="2" branch="False" />
            <line number="11" hits="2" branch="False" />
            <line number="12" hits="2" branch="False" />
          </lines>
        </class>
        <class name="Translator.Domain.Models.TranslationResult" filename="c:\Users\studio pc\revature_project\ccctranslator\Translator.Domain\Models\Translator.cs" line-rate="0.6666" branch-rate="1" complexity="3">
          <methods>
            <method name="get_DetectedLanguage" signature="()" line-rate="1" branch-rate="1">
              <lines>
                <line number="15" hits="6" branch="False" />
              </lines>
            </method>
            <method name="get_SourceText" signature="()" line-rate="0" branch-rate="1">
              <lines>
                <line number="16" hits="0" branch="False" />
              </lines>
            </method>
            <method name="get_Translations" signature="()" line-rate="1" branch-rate="1">
              <lines>
                <line number="17" hits="9" branch="False" />
              </lines>
            </method>
          </methods>
          <lines>
            <line number="15" hits="6" branch="False" />
            <line number="16" hits="0" branch="False" />
            <line number="17" hits="9" branch="False" />
          </lines>
        </class>
        <class name="Translator.Domain.Models.DetectedLanguage" filename="c:\Users\studio pc\revature_project\ccctranslator\Translator.Domain\Models\Translator.cs" line-rate="1" branch-rate="1" complexity="2">
          <methods>
            <method name="get_Language" signature="()" line-rate="1" branch-rate="1">
              <lines>
                <line number="22" hits="3" branch="False" />
              </lines>
            </method>
            <method name="get_Score" signature="()" line-rate="1" branch-rate="1">
              <lines>
                <line number="23" hits="3" branch="False" />
              </lines>
            </method>
          </methods>
          <lines>
            <line number="22" hits="3" branch="False" />
            <line number="23" hits="3" branch="False" />
          </lines>
        </class>
        <class name="Translator.Domain.Models.TextResult" filename="c:\Users\studio pc\revature_project\ccctranslator\Translator.Domain\Models\Translator.cs" line-rate="0" branch-rate="1" complexity="2">
          <methods>
            <method name="get_Text" signature="()" line-rate="0" branch-rate="1">
              <lines>
                <line number="28" hits="0" branch="False" />
              </lines>
            </method>
            <method name="get_Script" signature="()" line-rate="0" branch-rate="1">
              <lines>
                <line number="29" hits="0" branch="False" />
              </lines>
            </method>
          </methods>
          <lines>
            <line number="28" hits="0" branch="False" />
            <line number="29" hits="0" branch="False" />
          </lines>
        </class>
        <class name="Translator.Domain.Models.Translation" filename="c:\Users\studio pc\revature_project\ccctranslator\Translator.Domain\Models\Translator.cs" line-rate="0.4" branch-rate="1" complexity="5">
          <methods>
            <method name="get_Text" signature="()" line-rate="1" branch-rate="1">
              <lines>
                <line number="34" hits="6" branch="False" />
              </lines>
            </method>
            <method name="get_Transliteration" signature="()" line-rate="0" branch-rate="1">
              <lines>
                <line number="35" hits="0" branch="False" />
              </lines>
            </method>
            <method name="get_To" signature="()" line-rate="1" branch-rate="1">
              <lines>
                <line number="36" hits="3" branch="False" />
              </lines>
            </method>
            <method name="get_Alignment" signature="()" line-rate="0" branch-rate="1">
              <lines>
                <line number="37" hits="0" branch="False" />
              </lines>
            </method>
            <method name="get_SentLen" signature="()" line-rate="0" branch-rate="1">
              <lines>
                <line number="38" hits="0" branch="False" />
              </lines>
            </method>
          </methods>
          <lines>
            <line number="34" hits="6" branch="False" />
            <line number="35" hits="0" branch="False" />
            <line number="36" hits="3" branch="False" />
            <line number="37" hits="0" branch="False" />
            <line number="38" hits="0" branch="False" />
          </lines>
        </class>
        <class name="Translator.Domain.Models.Alignment" filename="c:\Users\studio pc\revature_project\ccctranslator\Translator.Domain\Models\Translator.cs" line-rate="0" branch-rate="1" complexity="1">
          <methods>
            <method name="get_Proj" signature="()" line-rate="0" branch-rate="1">
              <lines>
                <line number="43" hits="0" branch="False" />
              </lines>
            </method>
          </methods>
          <lines>
            <line number="43" hits="0" branch="False" />
          </lines>
        </class>
        <class name="Translator.Domain.Models.SentenceLength" filename="c:\Users\studio pc\revature_project\ccctranslator\Translator.Domain\Models\Translator.cs" line-rate="0" branch-rate="1" complexity="2">
          <methods>
            <method name="get_SrcSentLen" signature="()" line-rate="0" branch-rate="1">
              <lines>
                <line number="48" hits="0" branch="False" />
              </lines>
            </method>
            <method name="get_TransSentLen" signature="()" line-rate="0" branch-rate="1">
              <lines>
                <line number="49" hits="0" branch="False" />
              </lines>
            </method>
          </methods>
          <lines>
            <line number="48" hits="0" branch="False" />
            <line number="49" hits="0" branch="False" />
          </lines>
        </class>
        <class name="Translator.Domain.Models.Translator" filename="c:\Users\studio pc\revature_project\ccctranslator\Translator.Domain\Models\Translator.cs" line-rate="0.8856999999999999" branch-rate="0.9333" complexity="30">
          <methods>
            <method name="GetLanguageCode" signature="(System.String)" line-rate="1" branch-rate="1">
              <lines>
                <line number="108" hits="7" branch="False" />
                <line number="109" hits="7" branch="False" />
                <line number="110" hits="7" branch="False" />
                <line number="112" hits="7" branch="False" />
                <line number="113" hits="7" branch="False" />
                <line number="114" hits="7" branch="False" />
                <line number="116" hits="7" branch="False" />
                <line number="118" hits="7" branch="False" />
                <line number="120" hits="7" branch="False" />
                <line number="121" hits="7" branch="False" />
                <line number="122" hits="7" branch="False" />
                <line number="124" hits="7" branch="True" condition-coverage="100% (2/2)">
                  <conditions>
                    <condition number="108" type="jump" coverage="100%" />
                  </conditions>
                </line>
                <line number="126" hits="917" branch="True" condition-coverage="100% (4/4)">
                  <conditions>
                    <condition number="189" type="jump" coverage="100%" />
                    <condition number="975" type="jump" coverage="100%" />
                  </conditions>
                </line>
                <line number="127" hits="448" branch="False" />
                <line number="128" hits="2240" branch="True" condition-coverage="100% (4/4)">
                  <conditions>
                    <condition number="279" type="jump" coverage="100%" />
                    <condition number="938" type="jump" coverage="100%" />
                  </conditions>
                </line>
                <line number="129" hits="448" branch="False" />
                <line number="130" hits="448" branch="True" condition-coverage="100% (14/14)">
                  <conditions>
                    <condition number="368" type="jump" coverage="100%" />
                    <condition number="465" type="jump" coverage="100%" />
                    <condition number="537" type="jump" coverage="100%" />
                    <condition number="609" type="jump" coverage="100%" />
                    <condition number="697" type="jump" coverage="100%" />
                    <condition number="769" type="jump" coverage="100%" />
                    <condition number="841" type="jump" coverage="100%" />
                  </conditions>
                </line>
                <line number="131" hits="448" branch="False" />
                <line number="132" hits="448" branch="False" />
                <line number="133" hits="7" branch="False" />
                <line number="134" hits="7" branch="True" condition-coverage="100% (2/2)">
                  <conditions>
                    <condition number="1042" type="jump" coverage="100%" />
                  </conditions>
                </line>
                <line number="135" hits="4" branch="False" />
                <line number="136" hits="4" branch="False" />
                <line number="138" hits="3" branch="False" />
                <line number="139" hits="7" branch="False" />
              </lines>
            </method>
            <method name=".cctor" signature="()" line-rate="0.6" branch-rate="0.5">
              <lines>
                <line number="56" hits="1" branch="False" />
                <line number="60" hits="1" branch="False" />
                <line number="64" hits="1" branch="False" />
                <line number="65" hits="1" branch="True" condition-coverage="50% (1/2)">
                  <conditions>
                    <condition number="31" type="jump" coverage="50%" />
                  </conditions>
                </line>
                <line number="66" hits="0" branch="False" />
                <line number="67" hits="0" branch="False" />
                <line number="69" hits="1" branch="True" condition-coverage="50% (1/2)">
                  <conditions>
                    <condition number="55" type="jump" coverage="50%" />
                  </conditions>
                </line>
                <line number="70" hits="0" branch="False" />
                <line number="71" hits="0" branch="False" />
                <line number="73" hits="1" branch="False" />
              </lines>
            </method>
          </methods>
          <lines>
            <line number="108" hits="7" branch="False" />
            <line number="109" hits="7" branch="False" />
            <line number="110" hits="7" branch="False" />
            <line number="112" hits="7" branch="False" />
            <line number="113" hits="7" branch="False" />
            <line number="114" hits="7" branch="False" />
            <line number="116" hits="7" branch="False" />
            <line number="118" hits="7" branch="False" />
            <line number="120" hits="7" branch="False" />
            <line number="121" hits="7" branch="False" />
            <line number="122" hits="7" branch="False" />
            <line number="124" hits="7" branch="True" condition-coverage="100% (2/2)">
              <conditions>
                <condition number="108" type="jump" coverage="100%" />
              </conditions>
            </line>
            <line number="126" hits="917" branch="True" condition-coverage="100% (4/4)">
              <conditions>
                <condition number="189" type="jump" coverage="100%" />
                <condition number="975" type="jump" coverage="100%" />
              </conditions>
            </line>
            <line number="127" hits="448" branch="False" />
            <line number="128" hits="2240" branch="True" condition-coverage="100% (4/4)">
              <conditions>
                <condition number="279" type="jump" coverage="100%" />
                <condition number="938" type="jump" coverage="100%" />
              </conditions>
            </line>
            <line number="129" hits="448" branch="False" />
            <line number="130" hits="448" branch="True" condition-coverage="100% (14/14)">
              <conditions>
                <condition number="368" type="jump" coverage="100%" />
                <condition number="465" type="jump" coverage="100%" />
                <condition number="537" type="jump" coverage="100%" />
                <condition number="609" type="jump" coverage="100%" />
                <condition number="697" type="jump" coverage="100%" />
                <condition number="769" type="jump" coverage="100%" />
                <condition number="841" type="jump" coverage="100%" />
              </conditions>
            </line>
            <line number="131" hits="448" branch="False" />
            <line number="132" hits="448" branch="False" />
            <line number="133" hits="7" branch="False" />
            <line number="134" hits="7" branch="True" condition-coverage="100% (2/2)">
              <conditions>
                <condition number="1042" type="jump" coverage="100%" />
              </conditions>
            </line>
            <line number="135" hits="4" branch="False" />
            <line number="136" hits="4" branch="False" />
            <line number="138" hits="3" branch="False" />
            <line number="139" hits="7" branch="False" />
            <line number="56" hits="1" branch="False" />
            <line number="60" hits="1" branch="False" />
            <line number="64" hits="1" branch="False" />
            <line number="65" hits="1" branch="True" condition-coverage="50% (1/2)">
              <conditions>
                <condition number="31" type="jump" coverage="50%" />
              </conditions>
            </line>
            <line number="66" hits="0" branch="False" />
            <line number="67" hits="0" branch="False" />
            <line number="69" hits="1" branch="True" condition-coverage="50% (1/2)">
              <conditions>
                <condition number="55" type="jump" coverage="50%" />
              </conditions>
            </line>
            <line number="70" hits="0" branch="False" />
            <line number="71" hits="0" branch="False" />
            <line number="73" hits="1" branch="False" />
          </lines>
        </class>
        <class name="Translator.Domain.Models.Translator/&lt;TranslateTextRequest&gt;d__5" filename="c:\Users\studio pc\revature_project\ccctranslator\Translator.Domain\Models\Translator.cs" line-rate="0.8636" branch-rate="1" complexity="10">
          <methods>
            <method name="MoveNext" signature="()" line-rate="0.8636" branch-rate="1">
              <lines>
                <line number="76" hits="3" branch="False" />
                <line number="77" hits="3" branch="False" />
                <line number="78" hits="3" branch="False" />
                <line number="80" hits="3" branch="True" condition-coverage="100% (2/2)">
                  <conditions>
                    <condition number="73" type="jump" coverage="100%" />
                  </conditions>
                </line>
                <line number="81" hits="3" branch="True" condition-coverage="100% (3/3)">
                  <conditions>
                    <condition number="92" type="jump" coverage="100%" />
                    <condition number="98" type="jump" coverage="100%" />
                  </conditions>
                </line>
                <line number="82" hits="3" branch="False" />
                <line number="84" hits="3" branch="False" />
                <line number="85" hits="3" branch="False" />
                <line number="86" hits="3" branch="False" />
                <line number="87" hits="3" branch="False" />
                <line number="90" hits="3" branch="True" condition-coverage="100% (2/2)">
                  <conditions>
                    <condition number="264" type="jump" coverage="100%" />
                  </conditions>
                </line>
                <line number="92" hits="3" branch="True" condition-coverage="100% (1/1)">
                  <conditions>
                    <condition number="396" type="jump" coverage="100%" />
                  </conditions>
                </line>
                <line number="93" hits="3" branch="False" />
                <line number="95" hits="12" branch="True" condition-coverage="100% (1/1)">
                  <conditions>
                    <condition number="685" type="jump" coverage="100%" />
                  </conditions>
                </line>
                <line number="96" hits="3" branch="False" />
                <line number="98" hits="12" branch="True" condition-coverage="100% (1/1)">
                  <conditions>
                    <condition number="640" type="jump" coverage="100%" />
                  </conditions>
                </line>
                <line number="99" hits="3" branch="False" />
                <line number="100" hits="3" branch="False" />
                <line number="102" hits="0" branch="False" />
                <line number="103" hits="0" branch="False" />
                <line number="104" hits="0" branch="False" />
                <line number="105" hits="3" branch="False" />
              </lines>
            </method>
          </methods>
          <lines>
            <line number="76" hits="3" branch="False" />
            <line number="77" hits="3" branch="False" />
            <line number="78" hits="3" branch="False" />
            <line number="80" hits="3" branch="True" condition-coverage="100% (2/2)">
              <conditions>
                <condition number="73" type="jump" coverage="100%" />
              </conditions>
            </line>
            <line number="81" hits="3" branch="True" condition-coverage="100% (3/3)">
              <conditions>
                <condition number="92" type="jump" coverage="100%" />
                <condition number="98" type="jump" coverage="100%" />
              </conditions>
            </line>
            <line number="82" hits="3" branch="False" />
            <line number="84" hits="3" branch="False" />
            <line number="85" hits="3" branch="False" />
            <line number="86" hits="3" branch="False" />
            <line number="87" hits="3" branch="False" />
            <line number="90" hits="3" branch="True" condition-coverage="100% (2/2)">
              <conditions>
                <condition number="264" type="jump" coverage="100%" />
              </conditions>
            </line>
            <line number="92" hits="3" branch="True" condition-coverage="100% (1/1)">
              <conditions>
                <condition number="396" type="jump" coverage="100%" />
              </conditions>
            </line>
            <line number="93" hits="3" branch="False" />
            <line number="95" hits="12" branch="True" condition-coverage="100% (1/1)">
              <conditions>
                <condition number="685" type="jump" coverage="100%" />
              </conditions>
            </line>
            <line number="96" hits="3" branch="False" />
            <line number="98" hits="12" branch="True" condition-coverage="100% (1/1)">
              <conditions>
                <condition number="640" type="jump" coverage="100%" />
              </conditions>
            </line>
            <line number="99" hits="3" branch="False" />
            <line number="100" hits="3" branch="False" />
            <line number="102" hits="0" branch="False" />
            <line number="103" hits="0" branch="False" />
            <line number="104" hits="0" branch="False" />
            <line number="105" hits="3" branch="False" />
          </lines>
        </class>
        <class name="Translator.Domain.Models.Translator/&lt;Translate&gt;d__7" filename="c:\Users\studio pc\revature_project\ccctranslator\Translator.Domain\Models\Translator.cs" line-rate="1" branch-rate="1" complexity="7">
          <methods>
            <method name="MoveNext" signature="()" line-rate="1" branch-rate="1">
              <lines>
                <line number="141" hits="7" branch="False" />
                <line number="142" hits="7" branch="False" />
                <line number="143" hits="7" branch="True" condition-coverage="100% (4/4)">
                  <conditions>
                    <condition number="51" type="jump" coverage="100%" />
                    <condition number="69" type="jump" coverage="100%" />
                  </conditions>
                </line>
                <line number="144" hits="4" branch="False" />
                <line number="145" hits="3" branch="False" />
                <line number="146" hits="3" branch="True" condition-coverage="100% (1/1)">
                  <conditions>
                    <condition number="150" type="jump" coverage="100%" />
                  </conditions>
                </line>
                <line number="147" hits="3" branch="True" condition-coverage="100% (2/2)">
                  <conditions>
                    <condition number="273" type="jump" coverage="100%" />
                  </conditions>
                </line>
                <line number="148" hits="1" branch="False" />
                <line number="149" hits="2" branch="False" />
                <line number="150" hits="7" branch="False" />
              </lines>
            </method>
          </methods>
          <lines>
            <line number="141" hits="7" branch="False" />
            <line number="142" hits="7" branch="False" />
            <line number="143" hits="7" branch="True" condition-coverage="100% (4/4)">
              <conditions>
                <condition number="51" type="jump" coverage="100%" />
                <condition number="69" type="jump" coverage="100%" />
              </conditions>
            </line>
            <line number="144" hits="4" branch="False" />
            <line number="145" hits="3" branch="False" />
            <line number="146" hits="3" branch="True" condition-coverage="100% (1/1)">
              <conditions>
                <condition number="150" type="jump" coverage="100%" />
              </conditions>
            </line>
            <line number="147" hits="3" branch="True" condition-coverage="100% (2/2)">
              <conditions>
                <condition number="273" type="jump" coverage="100%" />
              </conditions>
            </line>
            <line number="148" hits="1" branch="False" />
            <line number="149" hits="2" branch="False" />
            <line number="150" hits="7" branch="False" />
          </lines>
        </class>
        <class name="Translator.Domain.Models.User" filename="c:\Users\studio pc\revature_project\ccctranslator\Translator.Domain\Models\User.cs" line-rate="0" branch-rate="1" complexity="6">
          <methods>
            <method name="get_UserId" signature="()" line-rate="0" branch-rate="1">
              <lines>
                <line number="7" hits="0" branch="False" />
              </lines>
            </method>
            <method name="get_Username" signature="()" line-rate="0" branch-rate="1">
              <lines>
                <line number="8" hits="0" branch="False" />
              </lines>
            </method>
            <method name="get_Password" signature="()" line-rate="0" branch-rate="1">
              <lines>
                <line number="9" hits="0" branch="False" />
              </lines>
            </method>
            <method name="get_Language" signature="()" line-rate="0" branch-rate="1">
              <lines>
                <line number="10" hits="0" branch="False" />
              </lines>
            </method>
            <method name="get_Messages" signature="()" line-rate="0" branch-rate="1">
              <lines>
                <line number="11" hits="0" branch="False" />
              </lines>
            </method>
            <method name=".ctor" signature="()" line-rate="0" branch-rate="1">
              <lines>
                <line number="13" hits="0" branch="False" />
                <line number="14" hits="0" branch="False" />
                <line number="15" hits="0" branch="False" />
                <line number="17" hits="0" branch="False" />
                <line number="18" hits="0" branch="False" />
                <line number="19" hits="0" branch="False" />
                <line number="20" hits="0" branch="False" />
                <line number="22" hits="0" branch="False" />
              </lines>
            </method>
          </methods>
          <lines>
            <line number="7" hits="0" branch="False" />
            <line number="8" hits="0" branch="False" />
            <line number="9" hits="0" branch="False" />
            <line number="10" hits="0" branch="False" />
            <line number="11" hits="0" branch="False" />
            <line number="13" hits="0" branch="False" />
            <line number="14" hits="0" branch="False" />
            <line number="15" hits="0" branch="False" />
            <line number="17" hits="0" branch="False" />
            <line number="18" hits="0" branch="False" />
            <line number="19" hits="0" branch="False" />
            <line number="20" hits="0" branch="False" />
            <line number="22" hits="0" branch="False" />
          </lines>
        </class>
      </classes>
    </package>
  </packages>
</coverage>