<?xml version="1.0" encoding="utf-8"?>
<CoverageSession>
  <Summary numSequencePoints="841" visitedSequencePoints="92" numBranchPoints="271" visitedBranchPoints="47" sequenceCoverage="10.93" branchCoverage="17.34" maxCyclomaticComplexity="148" minCyclomaticComplexity="58" visitedClasses="9" numClasses="41" visitedMethods="19" numMethods="113" />
  <Modules>
    <Module hash="9FB49948-2499-4AB6-8F11-26B58C0F1FA6">
      <ModulePath>Translator.Client.dll</ModulePath>
      <ModuleTime>2019-12-14T11:44:55</ModuleTime>
      <ModuleName>Translator.Client</ModuleName>
      <Files>
        <File uid="1" fullPath="C:\Users\studio pc\revature_project\ccctranslator\Translator.Client\Program.cs" />
        <File uid="2" fullPath="C:\Users\studio pc\revature_project\ccctranslator\Translator.Client\Startup.cs" />
        <File uid="3" fullPath="C:\Users\studio pc\revature_project\ccctranslator\Translator.Client\Models\ErrorViewModel.cs" />
        <File uid="4" fullPath="C:\Users\studio pc\revature_project\ccctranslator\Translator.Client\Models\MessageViewModel.cs" />
        <File uid="5" fullPath="C:\Users\studio pc\revature_project\ccctranslator\Translator.Client\Models\UserViewModel.cs" />
        <File uid="6" fullPath="C:\Users\studio pc\revature_project\ccctranslator\Translator.Client\Controllers\HomeController.cs" />
        <File uid="7" fullPath="C:\Users\studio pc\revature_project\ccctranslator\Translator.Client\Controllers\UserController.cs" />
      </Files>
      <Classes>
        <Class>
          <Summary numSequencePoints="8" visitedSequencePoints="0" numBranchPoints="2" visitedBranchPoints="0" sequenceCoverage="0" branchCoverage="0" maxCyclomaticComplexity="2" minCyclomaticComplexity="1" visitedClasses="0" numClasses="1" visitedMethods="0" numMethods="2" />
          <FullName>Translator.Client.Program</FullName>
          <Methods>
            <Method cyclomaticComplexity="1" nPathComplexity="0" sequenceCoverage="0" branchCoverage="100" isConstructor="False" isGetter="False" isSetter="False" isStatic="True">
              <Summary numSequencePoints="3" visitedSequencePoints="0" numBranchPoints="0" visitedBranchPoints="0" sequenceCoverage="0" branchCoverage="100" maxCyclomaticComplexity="1" minCyclomaticComplexity="1" visitedClasses="0" numClasses="0" visitedMethods="0" numMethods="1" />
              <MetadataToken />
              <Name>System.Void Translator.Client.Program::Main(System.String[])</Name>
              <FileRef uid="1" />
              <SequencePoints>
                <SequencePoint vc="0" uspid="15" ordinal="0" sl="15" sc="1" el="15" ec="2" bec="0" bev="0" fileid="1" />
                <SequencePoint vc="0" uspid="16" ordinal="1" sl="16" sc="1" el="16" ec="2" bec="0" bev="0" fileid="1" />
                <SequencePoint vc="0" uspid="17" ordinal="2" sl="17" sc="1" el="17" ec="2" bec="0" bev="0" fileid="1" />
              </SequencePoints>
              <BranchPoints />
              <MethodPoint vc="0" uspid="0" p8:type="SequencePoint" ordinal="0" offset="0" sc="0" sl="15" ec="1" el="17" bec="0" bev="0" fileid="1" xmlns:p8="xsi" />
            </Method>
            <Method cyclomaticComplexity="2" nPathComplexity="0" sequenceCoverage="0" branchCoverage="0" isConstructor="False" isGetter="False" isSetter="False" isStatic="True">
              <Summary numSequencePoints="5" visitedSequencePoints="0" numBranchPoints="2" visitedBranchPoints="0" sequenceCoverage="0" branchCoverage="0" maxCyclomaticComplexity="2" minCyclomaticComplexity="2" visitedClasses="0" numClasses="0" visitedMethods="0" numMethods="1" />
              <MetadataToken />
              <Name>Microsoft.Extensions.Hosting.IHostBuilder Translator.Client.Program::CreateHostBuilder(System.String[])</Name>
              <FileRef uid="1" />
              <SequencePoints>
                <SequencePoint vc="0" uspid="20" ordinal="0" sl="20" sc="1" el="20" ec="2" bec="0" bev="0" fileid="1" />
                <SequencePoint vc="0" uspid="21" ordinal="1" sl="21" sc="1" el="21" ec="2" bec="0" bev="0" fileid="1" />
                <SequencePoint vc="0" uspid="22" ordinal="2" sl="22" sc="1" el="22" ec="2" bec="0" bev="0" fileid="1" />
                <SequencePoint vc="0" uspid="23" ordinal="3" sl="23" sc="1" el="23" ec="2" bec="0" bev="0" fileid="1" />
                <SequencePoint vc="0" uspid="24" ordinal="4" sl="24" sc="1" el="24" ec="2" bec="0" bev="0" fileid="1" />
              </SequencePoints>
              <BranchPoints>
                <BranchPoint vc="0" uspid="20" ordinal="0" path="0" offset="12" offsetend="14" sl="20" fileid="1" />
                <BranchPoint vc="0" uspid="20" ordinal="1" path="1" offset="12" offsetend="37" sl="20" fileid="1" />
              </BranchPoints>
              <MethodPoint vc="0" uspid="0" p8:type="SequencePoint" ordinal="1" offset="1" sc="0" sl="20" ec="1" el="24" bec="0" bev="0" fileid="1" xmlns:p8="xsi" />
            </Method>
          </Methods>
        </Class>
        <Class>
          <Summary numSequencePoints="38" visitedSequencePoints="0" numBranchPoints="8" visitedBranchPoints="0" sequenceCoverage="0" branchCoverage="0" maxCyclomaticComplexity="4" minCyclomaticComplexity="1" visitedClasses="0" numClasses="1" visitedMethods="0" numMethods="4" />
          <FullName>Translator.Client.Startup</FullName>
          <Methods>
            <Method cyclomaticComplexity="1" nPathComplexity="0" sequenceCoverage="0" branchCoverage="100" isConstructor="False" isGetter="True" isSetter="False" isStatic="True">
              <Summary numSequencePoints="1" visitedSequencePoints="0" numBranchPoints="0" visitedBranchPoints="0" sequenceCoverage="0" branchCoverage="100" maxCyclomaticComplexity="1" minCyclomaticComplexity="1" visitedClasses="0" numClasses="0" visitedMethods="0" numMethods="1" />
              <MetadataToken />
              <Name>Microsoft.Extensions.Configuration.IConfiguration Translator.Client.Startup::get_Configuration()</Name>
              <FileRef uid="2" />
              <SequencePoints>
                <SequencePoint vc="0" uspid="21" ordinal="0" sl="21" sc="1" el="21" ec="2" bec="0" bev="0" fileid="2" />
              </SequencePoints>
              <BranchPoints />
              <MethodPoint vc="0" uspid="0" p8:type="SequencePoint" ordinal="0" offset="0" sc="0" sl="21" ec="1" el="21" bec="0" bev="0" fileid="2" xmlns:p8="xsi" />
            </Method>
            <Method cyclomaticComplexity="4" nPathComplexity="0" sequenceCoverage="0" branchCoverage="0" isConstructor="False" isGetter="False" isSetter="False" isStatic="True">
              <Summary numSequencePoints="12" visitedSequencePoints="0" numBranchPoints="4" visitedBranchPoints="0" sequenceCoverage="0" branchCoverage="0" maxCyclomaticComplexity="4" minCyclomaticComplexity="4" visitedClasses="0" numClasses="0" visitedMethods="0" numMethods="1" />
              <MetadataToken />
              <Name>System.Void Translator.Client.Startup::ConfigureServices(Microsoft.Extensions.DependencyInjection.IServiceCollection)</Name>
              <FileRef uid="2" />
              <SequencePoints>
                <SequencePoint vc="0" uspid="25" ordinal="0" sl="25" sc="1" el="25" ec="2" bec="0" bev="0" fileid="2" />
                <SequencePoint vc="0" uspid="26" ordinal="1" sl="26" sc="1" el="26" ec="2" bec="0" bev="0" fileid="2" />
                <SequencePoint vc="0" uspid="28" ordinal="2" sl="28" sc="1" el="28" ec="2" bec="0" bev="0" fileid="2" />
                <SequencePoint vc="0" uspid="29" ordinal="3" sl="29" sc="1" el="29" ec="2" bec="0" bev="0" fileid="2" />
                <SequencePoint vc="0" uspid="30" ordinal="4" sl="30" sc="1" el="30" ec="2" bec="0" bev="0" fileid="2" />
                <SequencePoint vc="0" uspid="31" ordinal="5" sl="31" sc="1" el="31" ec="2" bec="0" bev="0" fileid="2" />
                <SequencePoint vc="0" uspid="32" ordinal="6" sl="32" sc="1" el="32" ec="2" bec="0" bev="0" fileid="2" />
                <SequencePoint vc="0" uspid="33" ordinal="7" sl="33" sc="1" el="33" ec="2" bec="0" bev="0" fileid="2" />
                <SequencePoint vc="0" uspid="34" ordinal="8" sl="34" sc="1" el="34" ec="2" bec="0" bev="0" fileid="2" />
                <SequencePoint vc="0" uspid="35" ordinal="9" sl="35" sc="1" el="35" ec="2" bec="0" bev="0" fileid="2" />
                <SequencePoint vc="0" uspid="38" ordinal="10" sl="38" sc="1" el="38" ec="2" bec="0" bev="0" fileid="2" />
                <SequencePoint vc="0" uspid="39" ordinal="11" sl="39" sc="1" el="39" ec="2" bec="0" bev="0" fileid="2" />
              </SequencePoints>
              <BranchPoints>
                <BranchPoint vc="0" uspid="28" ordinal="0" path="0" offset="15" offsetend="17" sl="28" fileid="2" />
                <BranchPoint vc="0" uspid="28" ordinal="1" path="1" offset="15" offsetend="40" sl="28" fileid="2" />
                <BranchPoint vc="0" uspid="38" ordinal="2" path="0" offset="53" offsetend="55" sl="38" fileid="2" />
                <BranchPoint vc="0" uspid="38" ordinal="3" path="1" offset="53" offsetend="78" sl="38" fileid="2" />
              </BranchPoints>
              <MethodPoint vc="0" uspid="0" p8:type="SequencePoint" ordinal="1" offset="1" sc="0" sl="25" ec="1" el="39" bec="0" bev="0" fileid="2" xmlns:p8="xsi" />
            </Method>
            <Method cyclomaticComplexity="4" nPathComplexity="0" sequenceCoverage="0" branchCoverage="0" isConstructor="False" isGetter="False" isSetter="False" isStatic="True">
              <Summary numSequencePoints="21" visitedSequencePoints="0" numBranchPoints="4" visitedBranchPoints="0" sequenceCoverage="0" branchCoverage="0" maxCyclomaticComplexity="4" minCyclomaticComplexity="4" visitedClasses="0" numClasses="0" visitedMethods="0" numMethods="1" />
              <MetadataToken />
              <Name>System.Void Translator.Client.Startup::Configure(Microsoft.AspNetCore.Builder.IApplicationBuilder,Microsoft.AspNetCore.Hosting.IWebHostEnvironment)</Name>
              <FileRef uid="2" />
              <SequencePoints>
                <SequencePoint vc="0" uspid="42" ordinal="0" sl="42" sc="1" el="42" ec="2" bec="0" bev="0" fileid="2" />
                <SequencePoint vc="0" uspid="43" ordinal="1" sl="43" sc="1" el="43" ec="2" bec="0" bev="0" fileid="2" />
                <SequencePoint vc="0" uspid="44" ordinal="2" sl="44" sc="1" el="44" ec="2" bec="0" bev="0" fileid="2" />
                <SequencePoint vc="0" uspid="45" ordinal="3" sl="45" sc="1" el="45" ec="2" bec="0" bev="0" fileid="2" />
                <SequencePoint vc="0" uspid="46" ordinal="4" sl="46" sc="1" el="46" ec="2" bec="0" bev="0" fileid="2" />
                <SequencePoint vc="0" uspid="48" ordinal="5" sl="48" sc="1" el="48" ec="2" bec="0" bev="0" fileid="2" />
                <SequencePoint vc="0" uspid="49" ordinal="6" sl="49" sc="1" el="49" ec="2" bec="0" bev="0" fileid="2" />
                <SequencePoint vc="0" uspid="51" ordinal="7" sl="51" sc="1" el="51" ec="2" bec="0" bev="0" fileid="2" />
                <SequencePoint vc="0" uspid="52" ordinal="8" sl="52" sc="1" el="52" ec="2" bec="0" bev="0" fileid="2" />
                <SequencePoint vc="0" uspid="54" ordinal="9" sl="54" sc="1" el="54" ec="2" bec="0" bev="0" fileid="2" />
                <SequencePoint vc="0" uspid="55" ordinal="10" sl="55" sc="1" el="55" ec="2" bec="0" bev="0" fileid="2" />
                <SequencePoint vc="0" uspid="56" ordinal="11" sl="56" sc="1" el="56" ec="2" bec="0" bev="0" fileid="2" />
                <SequencePoint vc="0" uspid="58" ordinal="12" sl="58" sc="1" el="58" ec="2" bec="0" bev="0" fileid="2" />
                <SequencePoint vc="0" uspid="60" ordinal="13" sl="60" sc="1" el="60" ec="2" bec="0" bev="0" fileid="2" />
                <SequencePoint vc="0" uspid="62" ordinal="14" sl="62" sc="1" el="62" ec="2" bec="0" bev="0" fileid="2" />
                <SequencePoint vc="0" uspid="63" ordinal="15" sl="63" sc="1" el="63" ec="2" bec="0" bev="0" fileid="2" />
                <SequencePoint vc="0" uspid="64" ordinal="16" sl="64" sc="1" el="64" ec="2" bec="0" bev="0" fileid="2" />
                <SequencePoint vc="0" uspid="65" ordinal="17" sl="65" sc="1" el="65" ec="2" bec="0" bev="0" fileid="2" />
                <SequencePoint vc="0" uspid="66" ordinal="18" sl="66" sc="1" el="66" ec="2" bec="0" bev="0" fileid="2" />
                <SequencePoint vc="0" uspid="67" ordinal="19" sl="67" sc="1" el="67" ec="2" bec="0" bev="0" fileid="2" />
                <SequencePoint vc="0" uspid="68" ordinal="20" sl="68" sc="1" el="68" ec="2" bec="0" bev="0" fileid="2" />
              </SequencePoints>
              <BranchPoints>
                <BranchPoint vc="0" uspid="43" ordinal="0" path="0" offset="9" offsetend="11" sl="43" fileid="2" />
                <BranchPoint vc="0" uspid="43" ordinal="1" path="1" offset="9" offsetend="22" sl="43" fileid="2" />
                <BranchPoint vc="0" uspid="62" ordinal="2" path="0" offset="85" offsetend="87" sl="62" fileid="2" />
                <BranchPoint vc="0" uspid="62" ordinal="3" path="1" offset="85" offsetend="110" sl="62" fileid="2" />
              </BranchPoints>
              <MethodPoint vc="0" uspid="0" p8:type="SequencePoint" ordinal="2" offset="2" sc="0" sl="42" ec="1" el="68" bec="0" bev="0" fileid="2" xmlns:p8="xsi" />
            </Method>
            <Method cyclomaticComplexity="1" nPathComplexity="0" sequenceCoverage="0" branchCoverage="100" isConstructor="True" isGetter="False" isSetter="False" isStatic="True">
              <Summary numSequencePoints="4" visitedSequencePoints="0" numBranchPoints="0" visitedBranchPoints="0" sequenceCoverage="0" branchCoverage="100" maxCyclomaticComplexity="1" minCyclomaticComplexity="1" visitedClasses="0" numClasses="0" visitedMethods="0" numMethods="1" />
              <MetadataToken />
              <Name>System.Void Translator.Client.Startup::.ctor(Microsoft.Extensions.Configuration.IConfiguration)</Name>
              <FileRef uid="2" />
              <SequencePoints>
                <SequencePoint vc="0" uspid="16" ordinal="0" sl="16" sc="1" el="16" ec="2" bec="0" bev="0" fileid="2" />
                <SequencePoint vc="0" uspid="17" ordinal="1" sl="17" sc="1" el="17" ec="2" bec="0" bev="0" fileid="2" />
                <SequencePoint vc="0" uspid="18" ordinal="2" sl="18" sc="1" el="18" ec="2" bec="0" bev="0" fileid="2" />
                <SequencePoint vc="0" uspid="19" ordinal="3" sl="19" sc="1" el="19" ec="2" bec="0" bev="0" fileid="2" />
              </SequencePoints>
              <BranchPoints />
              <MethodPoint vc="0" uspid="0" p8:type="SequencePoint" ordinal="3" offset="3" sc="0" sl="16" ec="1" el="19" bec="0" bev="0" fileid="2" xmlns:p8="xsi" />
            </Method>
          </Methods>
        </Class>
        <Class>
          <Summary numSequencePoints="2" visitedSequencePoints="0" numBranchPoints="0" visitedBranchPoints="0" sequenceCoverage="0" branchCoverage="100" maxCyclomaticComplexity="1" minCyclomaticComplexity="1" visitedClasses="0" numClasses="1" visitedMethods="0" numMethods="2" />
          <FullName>Translator.Client.Models.ErrorViewModel</FullName>
          <Methods>
            <Method cyclomaticComplexity="1" nPathComplexity="0" sequenceCoverage="0" branchCoverage="100" isConstructor="False" isGetter="True" isSetter="False" isStatic="True">
              <Summary numSequencePoints="1" visitedSequencePoints="0" numBranchPoints="0" visitedBranchPoints="0" sequenceCoverage="0" branchCoverage="100" maxCyclomaticComplexity="1" minCyclomaticComplexity="1" visitedClasses="0" numClasses="0" visitedMethods="0" numMethods="1" />
              <MetadataToken />
              <Name>System.String Translator.Client.Models.ErrorViewModel::get_RequestId()</Name>
              <FileRef uid="3" />
              <SequencePoints>
                <SequencePoint vc="0" uspid="7" ordinal="0" sl="7" sc="1" el="7" ec="2" bec="0" bev="0" fileid="3" />
              </SequencePoints>
              <BranchPoints />
              <MethodPoint vc="0" uspid="0" p8:type="SequencePoint" ordinal="0" offset="0" sc="0" sl="7" ec="1" el="7" bec="0" bev="0" fileid="3" xmlns:p8="xsi" />
            </Method>
            <Method cyclomaticComplexity="1" nPathComplexity="0" sequenceCoverage="0" branchCoverage="100" isConstructor="False" isGetter="True" isSetter="False" isStatic="True">
              <Summary numSequencePoints="1" visitedSequencePoints="0" numBranchPoints="0" visitedBranchPoints="0" sequenceCoverage="0" branchCoverage="100" maxCyclomaticComplexity="1" minCyclomaticComplexity="1" visitedClasses="0" numClasses="0" visitedMethods="0" numMethods="1" />
              <MetadataToken />
              <Name>System.Boolean Translator.Client.Models.ErrorViewModel::get_ShowRequestId()</Name>
              <FileRef uid="3" />
              <SequencePoints>
                <SequencePoint vc="0" uspid="9" ordinal="0" sl="9" sc="1" el="9" ec="2" bec="0" bev="0" fileid="3" />
              </SequencePoints>
              <BranchPoints />
              <MethodPoint vc="0" uspid="0" p8:type="SequencePoint" ordinal="1" offset="1" sc="0" sl="9" ec="1" el="9" bec="0" bev="0" fileid="3" xmlns:p8="xsi" />
            </Method>
          </Methods>
        </Class>
        <Class>
          <Summary numSequencePoints="1" visitedSequencePoints="0" numBranchPoints="0" visitedBranchPoints="0" sequenceCoverage="0" branchCoverage="100" maxCyclomaticComplexity="1" minCyclomaticComplexity="1" visitedClasses="0" numClasses="1" visitedMethods="0" numMethods="1" />
          <FullName>Translator.Client.Models.MessageViewModel</FullName>
          <Methods>
            <Method cyclomaticComplexity="1" nPathComplexity="0" sequenceCoverage="0" branchCoverage="100" isConstructor="False" isGetter="True" isSetter="False" isStatic="True">
              <Summary numSequencePoints="1" visitedSequencePoints="0" numBranchPoints="0" visitedBranchPoints="0" sequenceCoverage="0" branchCoverage="100" maxCyclomaticComplexity="1" minCyclomaticComplexity="1" visitedClasses="0" numClasses="0" visitedMethods="0" numMethods="1" />
              <MetadataToken />
              <Name>System.String Translator.Client.Models.MessageViewModel::get_Content()</Name>
              <FileRef uid="4" />
              <SequencePoints>
                <SequencePoint vc="0" uspid="9" ordinal="0" sl="9" sc="1" el="9" ec="2" bec="0" bev="0" fileid="4" />
              </SequencePoints>
              <BranchPoints />
              <MethodPoint vc="0" uspid="0" p8:type="SequencePoint" ordinal="0" offset="0" sc="0" sl="9" ec="1" el="9" bec="0" bev="0" fileid="4" xmlns:p8="xsi" />
            </Method>
          </Methods>
        </Class>
        <Class>
          <Summary numSequencePoints="9" visitedSequencePoints="0" numBranchPoints="0" visitedBranchPoints="0" sequenceCoverage="0" branchCoverage="100" maxCyclomaticComplexity="1" minCyclomaticComplexity="1" visitedClasses="0" numClasses="1" visitedMethods="0" numMethods="7" />
          <FullName>Translator.Client.Models.UserViewModel</FullName>
          <Methods>
            <Method cyclomaticComplexity="1" nPathComplexity="0" sequenceCoverage="0" branchCoverage="100" isConstructor="False" isGetter="True" isSetter="False" isStatic="True">
              <Summary numSequencePoints="1" visitedSequencePoints="0" numBranchPoints="0" visitedBranchPoints="0" sequenceCoverage="0" branchCoverage="100" maxCyclomaticComplexity="1" minCyclomaticComplexity="1" visitedClasses="0" numClasses="0" visitedMethods="0" numMethods="1" />
              <MetadataToken />
              <Name>System.Int32 Translator.Client.Models.UserViewModel::get_UserId()</Name>
              <FileRef uid="5" />
              <SequencePoints>
                <SequencePoint vc="0" uspid="12" ordinal="0" sl="12" sc="1" el="12" ec="2" bec="0" bev="0" fileid="5" />
              </SequencePoints>
              <BranchPoints />
              <MethodPoint vc="0" uspid="0" p8:type="SequencePoint" ordinal="0" offset="0" sc="0" sl="12" ec="1" el="12" bec="0" bev="0" fileid="5" xmlns:p8="xsi" />
            </Method>
            <Method cyclomaticComplexity="1" nPathComplexity="0" sequenceCoverage="0" branchCoverage="100" isConstructor="False" isGetter="True" isSetter="False" isStatic="True">
              <Summary numSequencePoints="1" visitedSequencePoints="0" numBranchPoints="0" visitedBranchPoints="0" sequenceCoverage="0" branchCoverage="100" maxCyclomaticComplexity="1" minCyclomaticComplexity="1" visitedClasses="0" numClasses="0" visitedMethods="0" numMethods="1" />
              <MetadataToken />
              <Name>System.String Translator.Client.Models.UserViewModel::get_Username()</Name>
              <FileRef uid="5" />
              <SequencePoints>
                <SequencePoint vc="0" uspid="14" ordinal="0" sl="14" sc="1" el="14" ec="2" bec="0" bev="0" fileid="5" />
              </SequencePoints>
              <BranchPoints />
              <MethodPoint vc="0" uspid="0" p8:type="SequencePoint" ordinal="1" offset="1" sc="0" sl="14" ec="1" el="14" bec="0" bev="0" fileid="5" xmlns:p8="xsi" />
            </Method>
            <Method cyclomaticComplexity="1" nPathComplexity="0" sequenceCoverage="0" branchCoverage="100" isConstructor="False" isGetter="True" isSetter="False" isStatic="True">
              <Summary numSequencePoints="1" visitedSequencePoints="0" numBranchPoints="0" visitedBranchPoints="0" sequenceCoverage="0" branchCoverage="100" maxCyclomaticComplexity="1" minCyclomaticComplexity="1" visitedClasses="0" numClasses="0" visitedMethods="0" numMethods="1" />
              <MetadataToken />
              <Name>System.String Translator.Client.Models.UserViewModel::get_Password()</Name>
              <FileRef uid="5" />
              <SequencePoints>
                <SequencePoint vc="0" uspid="18" ordinal="0" sl="18" sc="1" el="18" ec="2" bec="0" bev="0" fileid="5" />
              </SequencePoints>
              <BranchPoints />
              <MethodPoint vc="0" uspid="0" p8:type="SequencePoint" ordinal="2" offset="2" sc="0" sl="18" ec="1" el="18" bec="0" bev="0" fileid="5" xmlns:p8="xsi" />
            </Method>
            <Method cyclomaticComplexity="1" nPathComplexity="0" sequenceCoverage="0" branchCoverage="100" isConstructor="False" isGetter="True" isSetter="False" isStatic="True">
              <Summary numSequencePoints="1" visitedSequencePoints="0" numBranchPoints="0" visitedBranchPoints="0" sequenceCoverage="0" branchCoverage="100" maxCyclomaticComplexity="1" minCyclomaticComplexity="1" visitedClasses="0" numClasses="0" visitedMethods="0" numMethods="1" />
              <MetadataToken />
              <Name>System.String Translator.Client.Models.UserViewModel::get_ConfirmPassword()</Name>
              <FileRef uid="5" />
              <SequencePoints>
                <SequencePoint vc="0" uspid="22" ordinal="0" sl="22" sc="1" el="22" ec="2" bec="0" bev="0" fileid="5" />
              </SequencePoints>
              <BranchPoints />
              <MethodPoint vc="0" uspid="0" p8:type="SequencePoint" ordinal="3" offset="3" sc="0" sl="22" ec="1" el="22" bec="0" bev="0" fileid="5" xmlns:p8="xsi" />
            </Method>
            <Method cyclomaticComplexity="1" nPathComplexity="0" sequenceCoverage="0" branchCoverage="100" isConstructor="False" isGetter="True" isSetter="False" isStatic="True">
              <Summary numSequencePoints="1" visitedSequencePoints="0" numBranchPoints="0" visitedBranchPoints="0" sequenceCoverage="0" branchCoverage="100" maxCyclomaticComplexity="1" minCyclomaticComplexity="1" visitedClasses="0" numClasses="0" visitedMethods="0" numMethods="1" />
              <MetadataToken />
              <Name>System.String Translator.Client.Models.UserViewModel::get_Language()</Name>
              <FileRef uid="5" />
              <SequencePoints>
                <SequencePoint vc="0" uspid="23" ordinal="0" sl="23" sc="1" el="23" ec="2" bec="0" bev="0" fileid="5" />
              </SequencePoints>
              <BranchPoints />
              <MethodPoint vc="0" uspid="0" p8:type="SequencePoint" ordinal="4" offset="4" sc="0" sl="23" ec="1" el="23" bec="0" bev="0" fileid="5" xmlns:p8="xsi" />
            </Method>
            <Method cyclomaticComplexity="1" nPathComplexity="0" sequenceCoverage="0" branchCoverage="100" isConstructor="False" isGetter="True" isSetter="False" isStatic="True">
              <Summary numSequencePoints="1" visitedSequencePoints="0" numBranchPoints="0" visitedBranchPoints="0" sequenceCoverage="0" branchCoverage="100" maxCyclomaticComplexity="1" minCyclomaticComplexity="1" visitedClasses="0" numClasses="0" visitedMethods="0" numMethods="1" />
              <MetadataToken />
              <Name>System.DateTime Translator.Client.Models.UserViewModel::get_CreatedAt()</Name>
              <FileRef uid="5" />
              <SequencePoints>
                <SequencePoint vc="0" uspid="24" ordinal="0" sl="24" sc="1" el="24" ec="2" bec="0" bev="0" fileid="5" />
              </SequencePoints>
              <BranchPoints />
              <MethodPoint vc="0" uspid="0" p8:type="SequencePoint" ordinal="5" offset="5" sc="0" sl="24" ec="1" el="24" bec="0" bev="0" fileid="5" xmlns:p8="xsi" />
            </Method>
            <Method cyclomaticComplexity="1" nPathComplexity="0" sequenceCoverage="0" branchCoverage="100" isConstructor="True" isGetter="False" isSetter="False" isStatic="True">
              <Summary numSequencePoints="3" visitedSequencePoints="0" numBranchPoints="0" visitedBranchPoints="0" sequenceCoverage="0" branchCoverage="100" maxCyclomaticComplexity="1" minCyclomaticComplexity="1" visitedClasses="0" numClasses="0" visitedMethods="0" numMethods="1" />
              <MetadataToken />
              <Name>System.Void Translator.Client.Models.UserViewModel::.ctor()</Name>
              <FileRef uid="5" />
              <SequencePoints>
                <SequencePoint vc="0" uspid="25" ordinal="0" sl="25" sc="1" el="25" ec="2" bec="0" bev="0" fileid="5" />
                <SequencePoint vc="0" uspid="26" ordinal="1" sl="26" sc="1" el="26" ec="2" bec="0" bev="0" fileid="5" />
                <SequencePoint vc="0" uspid="28" ordinal="2" sl="28" sc="1" el="28" ec="2" bec="0" bev="0" fileid="5" />
              </SequencePoints>
              <BranchPoints />
              <MethodPoint vc="0" uspid="0" p8:type="SequencePoint" ordinal="6" offset="6" sc="0" sl="25" ec="1" el="28" bec="0" bev="0" fileid="5" xmlns:p8="xsi" />
            </Method>
          </Methods>
        </Class>
        <Class>
          <Summary numSequencePoints="30" visitedSequencePoints="12" numBranchPoints="12" visitedBranchPoints="2" sequenceCoverage="40" branchCoverage="16.66" maxCyclomaticComplexity="4" minCyclomaticComplexity="1" visitedClasses="1" numClasses="1" visitedMethods="3" numMethods="7" />
          <FullName>Translator.Client.Controllers.HomeController</FullName>
          <Methods>
            <Method cyclomaticComplexity="2" nPathComplexity="0" sequenceCoverage="100" branchCoverage="100" isConstructor="False" isGetter="False" isSetter="False" isStatic="True">
              <Summary numSequencePoints="4" visitedSequencePoints="4" numBranchPoints="2" visitedBranchPoints="2" sequenceCoverage="100" branchCoverage="100" maxCyclomaticComplexity="2" minCyclomaticComplexity="2" visitedClasses="0" numClasses="0" visitedMethods="1" numMethods="1" />
              <MetadataToken />
              <Name>Microsoft.AspNetCore.Mvc.IActionResult Translator.Client.Controllers.HomeController::Index(System.Int32)</Name>
              <FileRef uid="6" />
              <SequencePoints>
                <SequencePoint vc="1" uspid="27" ordinal="0" sl="27" sc="1" el="27" ec="2" bec="0" bev="0" fileid="6" />
                <SequencePoint vc="1" uspid="28" ordinal="1" sl="28" sc="1" el="28" ec="2" bec="0" bev="0" fileid="6" />
                <SequencePoint vc="1" uspid="29" ordinal="2" sl="29" sc="1" el="29" ec="2" bec="0" bev="0" fileid="6" />
                <SequencePoint vc="1" uspid="30" ordinal="3" sl="30" sc="1" el="30" ec="2" bec="0" bev="0" fileid="6" />
              </SequencePoints>
              <BranchPoints>
                <BranchPoint vc="1" uspid="28" ordinal="1" path="1" offset="6" offsetend="10" sl="28" fileid="6" />
                <BranchPoint vc="1" uspid="28" ordinal="0" path="0" offset="6" offsetend="67" sl="28" fileid="6" />
              </BranchPoints>
              <MethodPoint vc="4" uspid="0" p8:type="SequencePoint" ordinal="0" offset="0" sc="0" sl="27" ec="1" el="30" bec="0" bev="0" fileid="6" xmlns:p8="xsi" />
            </Method>
            <Method cyclomaticComplexity="1" nPathComplexity="0" sequenceCoverage="100" branchCoverage="100" isConstructor="False" isGetter="False" isSetter="False" isStatic="True">
              <Summary numSequencePoints="3" visitedSequencePoints="3" numBranchPoints="0" visitedBranchPoints="0" sequenceCoverage="100" branchCoverage="100" maxCyclomaticComplexity="1" minCyclomaticComplexity="1" visitedClasses="0" numClasses="0" visitedMethods="1" numMethods="1" />
              <MetadataToken />
              <Name>Microsoft.AspNetCore.Mvc.IActionResult Translator.Client.Controllers.HomeController::Privacy()</Name>
              <FileRef uid="6" />
              <SequencePoints>
                <SequencePoint vc="1" uspid="33" ordinal="0" sl="33" sc="1" el="33" ec="2" bec="0" bev="0" fileid="6" />
                <SequencePoint vc="1" uspid="34" ordinal="1" sl="34" sc="1" el="34" ec="2" bec="0" bev="0" fileid="6" />
                <SequencePoint vc="1" uspid="35" ordinal="2" sl="35" sc="1" el="35" ec="2" bec="0" bev="0" fileid="6" />
              </SequencePoints>
              <BranchPoints />
              <MethodPoint vc="3" uspid="0" p8:type="SequencePoint" ordinal="1" offset="1" sc="0" sl="33" ec="1" el="35" bec="0" bev="0" fileid="6" xmlns:p8="xsi" />
            </Method>
            <Method cyclomaticComplexity="2" nPathComplexity="0" sequenceCoverage="0" branchCoverage="0" isConstructor="False" isGetter="False" isSetter="False" isStatic="True">
              <Summary numSequencePoints="5" visitedSequencePoints="0" numBranchPoints="2" visitedBranchPoints="0" sequenceCoverage="0" branchCoverage="0" maxCyclomaticComplexity="2" minCyclomaticComplexity="2" visitedClasses="0" numClasses="0" visitedMethods="0" numMethods="1" />
              <MetadataToken />
              <Name>Microsoft.AspNetCore.Mvc.IActionResult Translator.Client.Controllers.HomeController::MessageBoard()</Name>
              <FileRef uid="6" />
              <SequencePoints>
                <SequencePoint vc="0" uspid="38" ordinal="0" sl="38" sc="1" el="38" ec="2" bec="0" bev="0" fileid="6" />
                <SequencePoint vc="0" uspid="39" ordinal="1" sl="39" sc="1" el="39" ec="2" bec="0" bev="0" fileid="6" />
                <SequencePoint vc="0" uspid="40" ordinal="2" sl="40" sc="1" el="40" ec="2" bec="0" bev="0" fileid="6" />
                <SequencePoint vc="0" uspid="41" ordinal="3" sl="41" sc="1" el="41" ec="2" bec="0" bev="0" fileid="6" />
                <SequencePoint vc="0" uspid="42" ordinal="4" sl="42" sc="1" el="42" ec="2" bec="0" bev="0" fileid="6" />
              </SequencePoints>
              <BranchPoints>
                <BranchPoint vc="0" uspid="40" ordinal="1" path="1" offset="18" offsetend="22" sl="40" fileid="6" />
                <BranchPoint vc="0" uspid="40" ordinal="0" path="0" offset="18" offsetend="79" sl="40" fileid="6" />
              </BranchPoints>
              <MethodPoint vc="0" uspid="0" p8:type="SequencePoint" ordinal="2" offset="2" sc="0" sl="38" ec="1" el="42" bec="0" bev="0" fileid="6" xmlns:p8="xsi" />
            </Method>
            <Method cyclomaticComplexity="2" nPathComplexity="0" sequenceCoverage="0" branchCoverage="0" isConstructor="False" isGetter="False" isSetter="False" isStatic="True">
              <Summary numSequencePoints="6" visitedSequencePoints="0" numBranchPoints="2" visitedBranchPoints="0" sequenceCoverage="0" branchCoverage="0" maxCyclomaticComplexity="2" minCyclomaticComplexity="2" visitedClasses="0" numClasses="0" visitedMethods="0" numMethods="1" />
              <MetadataToken />
              <Name>Microsoft.AspNetCore.Mvc.IActionResult Translator.Client.Controllers.HomeController::CreateMessage(Translator.Client.Models.MessageViewModel)</Name>
              <FileRef uid="6" />
              <SequencePoints>
                <SequencePoint vc="0" uspid="45" ordinal="0" sl="45" sc="1" el="45" ec="2" bec="0" bev="0" fileid="6" />
                <SequencePoint vc="0" uspid="46" ordinal="1" sl="46" sc="1" el="46" ec="2" bec="0" bev="0" fileid="6" />
                <SequencePoint vc="0" uspid="47" ordinal="2" sl="47" sc="1" el="47" ec="2" bec="0" bev="0" fileid="6" />
                <SequencePoint vc="0" uspid="48" ordinal="3" sl="48" sc="1" el="48" ec="2" bec="0" bev="0" fileid="6" />
                <SequencePoint vc="0" uspid="50" ordinal="4" sl="50" sc="1" el="50" ec="2" bec="0" bev="0" fileid="6" />
                <SequencePoint vc="0" uspid="51" ordinal="5" sl="51" sc="1" el="51" ec="2" bec="0" bev="0" fileid="6" />
              </SequencePoints>
              <BranchPoints>
                <BranchPoint vc="0" uspid="46" ordinal="0" path="0" offset="14" offsetend="16" sl="46" fileid="6" />
                <BranchPoint vc="0" uspid="46" ordinal="1" path="1" offset="14" offsetend="36" sl="46" fileid="6" />
              </BranchPoints>
              <MethodPoint vc="0" uspid="0" p8:type="SequencePoint" ordinal="3" offset="3" sc="0" sl="45" ec="1" el="51" bec="0" bev="0" fileid="6" xmlns:p8="xsi" />
            </Method>
            <Method cyclomaticComplexity="2" nPathComplexity="0" sequenceCoverage="0" branchCoverage="0" isConstructor="False" isGetter="False" isSetter="False" isStatic="True">
              <Summary numSequencePoints="4" visitedSequencePoints="0" numBranchPoints="2" visitedBranchPoints="0" sequenceCoverage="0" branchCoverage="0" maxCyclomaticComplexity="2" minCyclomaticComplexity="2" visitedClasses="0" numClasses="0" visitedMethods="0" numMethods="1" />
              <MetadataToken />
              <Name>Microsoft.AspNetCore.Mvc.IActionResult Translator.Client.Controllers.HomeController::Message(System.Int32)</Name>
              <FileRef uid="6" />
              <SequencePoints>
                <SequencePoint vc="0" uspid="56" ordinal="0" sl="56" sc="1" el="56" ec="2" bec="0" bev="0" fileid="6" />
                <SequencePoint vc="0" uspid="57" ordinal="1" sl="57" sc="1" el="57" ec="2" bec="0" bev="0" fileid="6" />
                <SequencePoint vc="0" uspid="58" ordinal="2" sl="58" sc="1" el="58" ec="2" bec="0" bev="0" fileid="6" />
                <SequencePoint vc="0" uspid="59" ordinal="3" sl="59" sc="1" el="59" ec="2" bec="0" bev="0" fileid="6" />
              </SequencePoints>
              <BranchPoints>
                <BranchPoint vc="0" uspid="57" ordinal="1" path="1" offset="6" offsetend="10" sl="57" fileid="6" />
                <BranchPoint vc="0" uspid="57" ordinal="0" path="0" offset="6" offsetend="67" sl="57" fileid="6" />
              </BranchPoints>
              <MethodPoint vc="0" uspid="0" p8:type="SequencePoint" ordinal="4" offset="4" sc="0" sl="56" ec="1" el="59" bec="0" bev="0" fileid="6" xmlns:p8="xsi" />
            </Method>
            <Method cyclomaticComplexity="4" nPathComplexity="0" sequenceCoverage="0" branchCoverage="0" isConstructor="False" isGetter="False" isSetter="False" isStatic="True">
              <Summary numSequencePoints="3" visitedSequencePoints="0" numBranchPoints="4" visitedBranchPoints="0" sequenceCoverage="0" branchCoverage="0" maxCyclomaticComplexity="4" minCyclomaticComplexity="4" visitedClasses="0" numClasses="0" visitedMethods="0" numMethods="1" />
              <MetadataToken />
              <Name>Microsoft.AspNetCore.Mvc.IActionResult Translator.Client.Controllers.HomeController::Error()</Name>
              <FileRef uid="6" />
              <SequencePoints>
                <SequencePoint vc="0" uspid="63" ordinal="0" sl="63" sc="1" el="63" ec="2" bec="0" bev="0" fileid="6" />
                <SequencePoint vc="0" uspid="64" ordinal="1" sl="64" sc="1" el="64" ec="2" bec="0" bev="0" fileid="6" />
                <SequencePoint vc="0" uspid="65" ordinal="2" sl="65" sc="1" el="65" ec="2" bec="0" bev="0" fileid="6" />
              </SequencePoints>
              <BranchPoints>
                <BranchPoint vc="0" uspid="64" ordinal="0" path="0" offset="14" offsetend="16" sl="64" fileid="6" />
                <BranchPoint vc="0" uspid="64" ordinal="1" path="1" offset="14" offsetend="20" sl="64" fileid="6" />
                <BranchPoint vc="0" uspid="64" ordinal="2" path="0" offset="26" offsetend="28" sl="64" fileid="6" />
                <BranchPoint vc="0" uspid="64" ordinal="3" path="1" offset="26" offsetend="40" sl="64" fileid="6" />
              </BranchPoints>
              <MethodPoint vc="0" uspid="0" p8:type="SequencePoint" ordinal="5" offset="5" sc="0" sl="63" ec="1" el="65" bec="0" bev="0" fileid="6" xmlns:p8="xsi" />
            </Method>
            <Method cyclomaticComplexity="1" nPathComplexity="0" sequenceCoverage="100" branchCoverage="100" isConstructor="True" isGetter="False" isSetter="False" isStatic="True">
              <Summary numSequencePoints="5" visitedSequencePoints="5" numBranchPoints="0" visitedBranchPoints="0" sequenceCoverage="100" branchCoverage="100" maxCyclomaticComplexity="1" minCyclomaticComplexity="1" visitedClasses="0" numClasses="0" visitedMethods="1" numMethods="1" />
              <MetadataToken />
              <Name>System.Void Translator.Client.Controllers.HomeController::.ctor(Microsoft.Extensions.Logging.ILogger`1&lt;Translator.Client.Controllers.HomeController&gt;)</Name>
              <FileRef uid="6" />
              <SequencePoints>
                <SequencePoint vc="2" uspid="19" ordinal="0" sl="19" sc="1" el="19" ec="2" bec="0" bev="0" fileid="6" />
                <SequencePoint vc="2" uspid="21" ordinal="1" sl="21" sc="1" el="21" ec="2" bec="0" bev="0" fileid="6" />
                <SequencePoint vc="2" uspid="22" ordinal="2" sl="22" sc="1" el="22" ec="2" bec="0" bev="0" fileid="6" />
                <SequencePoint vc="2" uspid="23" ordinal="3" sl="23" sc="1" el="23" ec="2" bec="0" bev="0" fileid="6" />
                <SequencePoint vc="2" uspid="24" ordinal="4" sl="24" sc="1" el="24" ec="2" bec="0" bev="0" fileid="6" />
              </SequencePoints>
              <BranchPoints />
              <MethodPoint vc="5" uspid="0" p8:type="SequencePoint" ordinal="6" offset="6" sc="0" sl="19" ec="1" el="24" bec="0" bev="0" fileid="6" xmlns:p8="xsi" />
            </Method>
          </Methods>
        </Class>
        <Class>
          <Summary numSequencePoints="52" visitedSequencePoints="0" numBranchPoints="20" visitedBranchPoints="0" sequenceCoverage="0" branchCoverage="0" maxCyclomaticComplexity="4" minCyclomaticComplexity="1" visitedClasses="0" numClasses="1" visitedMethods="0" numMethods="7" />
          <FullName>Translator.Client.Controllers.UserController</FullName>
          <Methods>
            <Method cyclomaticComplexity="4" nPathComplexity="0" sequenceCoverage="0" branchCoverage="0" isConstructor="False" isGetter="False" isSetter="False" isStatic="True">
              <Summary numSequencePoints="7" visitedSequencePoints="0" numBranchPoints="4" visitedBranchPoints="0" sequenceCoverage="0" branchCoverage="0" maxCyclomaticComplexity="4" minCyclomaticComplexity="4" visitedClasses="0" numClasses="0" visitedMethods="0" numMethods="1" />
              <MetadataToken />
              <Name>Microsoft.AspNetCore.Mvc.IActionResult Translator.Client.Controllers.UserController::Home(System.Int32)</Name>
              <FileRef uid="7" />
              <SequencePoints>
                <SequencePoint vc="0" uspid="30" ordinal="0" sl="30" sc="1" el="30" ec="2" bec="0" bev="0" fileid="7" />
                <SequencePoint vc="0" uspid="31" ordinal="1" sl="31" sc="1" el="31" ec="2" bec="0" bev="0" fileid="7" />
                <SequencePoint vc="0" uspid="32" ordinal="2" sl="32" sc="1" el="32" ec="2" bec="0" bev="0" fileid="7" />
                <SequencePoint vc="0" uspid="33" ordinal="3" sl="33" sc="1" el="33" ec="2" bec="0" bev="0" fileid="7" />
                <SequencePoint vc="0" uspid="34" ordinal="4" sl="34" sc="1" el="34" ec="2" bec="0" bev="0" fileid="7" />
                <SequencePoint vc="0" uspid="37" ordinal="5" sl="37" sc="1" el="37" ec="2" bec="0" bev="0" fileid="7" />
                <SequencePoint vc="0" uspid="38" ordinal="6" sl="38" sc="1" el="38" ec="2" bec="0" bev="0" fileid="7" />
              </SequencePoints>
              <BranchPoints>
                <BranchPoint vc="0" uspid="31" ordinal="0" path="0" offset="32" offsetend="34" sl="31" fileid="7" />
                <BranchPoint vc="0" uspid="33" ordinal="3" path="1" offset="40" offsetend="44" sl="33" fileid="7" />
                <BranchPoint vc="0" uspid="33" ordinal="2" path="0" offset="40" offsetend="101" sl="33" fileid="7" />
                <BranchPoint vc="0" uspid="31" ordinal="1" path="1" offset="32" offsetend="154" sl="31" fileid="7" />
              </BranchPoints>
              <MethodPoint vc="0" uspid="0" p8:type="SequencePoint" ordinal="0" offset="0" sc="0" sl="30" ec="1" el="38" bec="0" bev="0" fileid="7" xmlns:p8="xsi" />
            </Method>
            <Method cyclomaticComplexity="4" nPathComplexity="0" sequenceCoverage="0" branchCoverage="0" isConstructor="False" isGetter="False" isSetter="False" isStatic="True">
              <Summary numSequencePoints="9" visitedSequencePoints="0" numBranchPoints="4" visitedBranchPoints="0" sequenceCoverage="0" branchCoverage="0" maxCyclomaticComplexity="4" minCyclomaticComplexity="4" visitedClasses="0" numClasses="0" visitedMethods="0" numMethods="1" />
              <MetadataToken />
              <Name>Microsoft.AspNetCore.Mvc.IActionResult Translator.Client.Controllers.UserController::SignUp()</Name>
              <FileRef uid="7" />
              <SequencePoints>
                <SequencePoint vc="0" uspid="41" ordinal="0" sl="41" sc="1" el="41" ec="2" bec="0" bev="0" fileid="7" />
                <SequencePoint vc="0" uspid="42" ordinal="1" sl="42" sc="1" el="42" ec="2" bec="0" bev="0" fileid="7" />
                <SequencePoint vc="0" uspid="43" ordinal="2" sl="43" sc="1" el="43" ec="2" bec="0" bev="0" fileid="7" />
                <SequencePoint vc="0" uspid="45" ordinal="3" sl="45" sc="1" el="45" ec="2" bec="0" bev="0" fileid="7" />
                <SequencePoint vc="0" uspid="46" ordinal="4" sl="46" sc="1" el="46" ec="2" bec="0" bev="0" fileid="7" />
                <SequencePoint vc="0" uspid="47" ordinal="5" sl="47" sc="1" el="47" ec="2" bec="0" bev="0" fileid="7" />
                <SequencePoint vc="0" uspid="48" ordinal="6" sl="48" sc="1" el="48" ec="2" bec="0" bev="0" fileid="7" />
                <SequencePoint vc="0" uspid="50" ordinal="7" sl="50" sc="1" el="50" ec="2" bec="0" bev="0" fileid="7" />
                <SequencePoint vc="0" uspid="51" ordinal="8" sl="51" sc="1" el="51" ec="2" bec="0" bev="0" fileid="7" />
              </SequencePoints>
              <BranchPoints>
                <BranchPoint vc="0" uspid="42" ordinal="1" path="1" offset="6" offsetend="10" sl="42" fileid="7" />
                <BranchPoint vc="0" uspid="42" ordinal="0" path="0" offset="6" offsetend="67" sl="42" fileid="7" />
                <BranchPoint vc="0" uspid="45" ordinal="2" path="0" offset="136" offsetend="138" sl="45" fileid="7" />
                <BranchPoint vc="0" uspid="45" ordinal="3" path="1" offset="136" offsetend="162" sl="45" fileid="7" />
              </BranchPoints>
              <MethodPoint vc="0" uspid="0" p8:type="SequencePoint" ordinal="1" offset="1" sc="0" sl="41" ec="1" el="51" bec="0" bev="0" fileid="7" xmlns:p8="xsi" />
            </Method>
            <Method cyclomaticComplexity="4" nPathComplexity="0" sequenceCoverage="0" branchCoverage="0" isConstructor="False" isGetter="False" isSetter="False" isStatic="True">
              <Summary numSequencePoints="14" visitedSequencePoints="0" numBranchPoints="4" visitedBranchPoints="0" sequenceCoverage="0" branchCoverage="0" maxCyclomaticComplexity="4" minCyclomaticComplexity="4" visitedClasses="0" numClasses="0" visitedMethods="0" numMethods="1" />
              <MetadataToken />
              <Name>Microsoft.AspNetCore.Mvc.IActionResult Translator.Client.Controllers.UserController::SignUp(Translator.Client.Models.UserViewModel)</Name>
              <FileRef uid="7" />
              <SequencePoints>
                <SequencePoint vc="0" uspid="56" ordinal="0" sl="56" sc="1" el="56" ec="2" bec="0" bev="0" fileid="7" />
                <SequencePoint vc="0" uspid="57" ordinal="1" sl="57" sc="1" el="57" ec="2" bec="0" bev="0" fileid="7" />
                <SequencePoint vc="0" uspid="58" ordinal="2" sl="58" sc="1" el="58" ec="2" bec="0" bev="0" fileid="7" />
                <SequencePoint vc="0" uspid="59" ordinal="3" sl="59" sc="1" el="59" ec="2" bec="0" bev="0" fileid="7" />
                <SequencePoint vc="0" uspid="60" ordinal="4" sl="60" sc="1" el="60" ec="2" bec="0" bev="0" fileid="7" />
                <SequencePoint vc="0" uspid="62" ordinal="5" sl="62" sc="1" el="62" ec="2" bec="0" bev="0" fileid="7" />
                <SequencePoint vc="0" uspid="63" ordinal="6" sl="63" sc="1" el="63" ec="2" bec="0" bev="0" fileid="7" />
                <SequencePoint vc="0" uspid="64" ordinal="7" sl="64" sc="1" el="64" ec="2" bec="0" bev="0" fileid="7" />
                <SequencePoint vc="0" uspid="65" ordinal="8" sl="65" sc="1" el="65" ec="2" bec="0" bev="0" fileid="7" />
                <SequencePoint vc="0" uspid="66" ordinal="9" sl="66" sc="1" el="66" ec="2" bec="0" bev="0" fileid="7" />
                <SequencePoint vc="0" uspid="67" ordinal="10" sl="67" sc="1" el="67" ec="2" bec="0" bev="0" fileid="7" />
                <SequencePoint vc="0" uspid="69" ordinal="11" sl="69" sc="1" el="69" ec="2" bec="0" bev="0" fileid="7" />
                <SequencePoint vc="0" uspid="71" ordinal="12" sl="71" sc="1" el="71" ec="2" bec="0" bev="0" fileid="7" />
                <SequencePoint vc="0" uspid="72" ordinal="13" sl="72" sc="1" el="72" ec="2" bec="0" bev="0" fileid="7" />
              </SequencePoints>
              <BranchPoints>
                <BranchPoint vc="0" uspid="57" ordinal="0" path="0" offset="32" offsetend="34" sl="57" fileid="7" />
                <BranchPoint vc="0" uspid="57" ordinal="1" path="1" offset="32" offsetend="58" sl="57" fileid="7" />
                <BranchPoint vc="0" uspid="62" ordinal="2" path="0" offset="71" offsetend="73" sl="62" fileid="7" />
                <BranchPoint vc="0" uspid="62" ordinal="3" path="1" offset="71" offsetend="139" sl="62" fileid="7" />
              </BranchPoints>
              <MethodPoint vc="0" uspid="0" p8:type="SequencePoint" ordinal="2" offset="2" sc="0" sl="56" ec="1" el="72" bec="0" bev="0" fileid="7" xmlns:p8="xsi" />
            </Method>
            <Method cyclomaticComplexity="2" nPathComplexity="0" sequenceCoverage="0" branchCoverage="0" isConstructor="False" isGetter="False" isSetter="False" isStatic="True">
              <Summary numSequencePoints="6" visitedSequencePoints="0" numBranchPoints="2" visitedBranchPoints="0" sequenceCoverage="0" branchCoverage="0" maxCyclomaticComplexity="2" minCyclomaticComplexity="2" visitedClasses="0" numClasses="0" visitedMethods="0" numMethods="1" />
              <MetadataToken />
              <Name>Microsoft.AspNetCore.Mvc.IActionResult Translator.Client.Controllers.UserController::Login()</Name>
              <FileRef uid="7" />
              <SequencePoints>
                <SequencePoint vc="0" uspid="75" ordinal="0" sl="75" sc="1" el="75" ec="2" bec="0" bev="0" fileid="7" />
                <SequencePoint vc="0" uspid="76" ordinal="1" sl="76" sc="1" el="76" ec="2" bec="0" bev="0" fileid="7" />
                <SequencePoint vc="0" uspid="77" ordinal="2" sl="77" sc="1" el="77" ec="2" bec="0" bev="0" fileid="7" />
                <SequencePoint vc="0" uspid="78" ordinal="3" sl="78" sc="1" el="78" ec="2" bec="0" bev="0" fileid="7" />
                <SequencePoint vc="0" uspid="80" ordinal="4" sl="80" sc="1" el="80" ec="2" bec="0" bev="0" fileid="7" />
                <SequencePoint vc="0" uspid="81" ordinal="5" sl="81" sc="1" el="81" ec="2" bec="0" bev="0" fileid="7" />
              </SequencePoints>
              <BranchPoints>
                <BranchPoint vc="0" uspid="76" ordinal="0" path="0" offset="32" offsetend="34" sl="76" fileid="7" />
                <BranchPoint vc="0" uspid="76" ordinal="1" path="1" offset="32" offsetend="80" sl="76" fileid="7" />
              </BranchPoints>
              <MethodPoint vc="0" uspid="0" p8:type="SequencePoint" ordinal="3" offset="3" sc="0" sl="75" ec="1" el="81" bec="0" bev="0" fileid="7" xmlns:p8="xsi" />
            </Method>
            <Method cyclomaticComplexity="2" nPathComplexity="0" sequenceCoverage="0" branchCoverage="0" isConstructor="False" isGetter="False" isSetter="False" isStatic="True">
              <Summary numSequencePoints="8" visitedSequencePoints="0" numBranchPoints="2" visitedBranchPoints="0" sequenceCoverage="0" branchCoverage="0" maxCyclomaticComplexity="2" minCyclomaticComplexity="2" visitedClasses="0" numClasses="0" visitedMethods="0" numMethods="1" />
              <MetadataToken />
              <Name>Microsoft.AspNetCore.Mvc.IActionResult Translator.Client.Controllers.UserController::Login(Translator.Client.Models.UserViewModel)</Name>
              <FileRef uid="7" />
              <SequencePoints>
                <SequencePoint vc="0" uspid="86" ordinal="0" sl="86" sc="1" el="86" ec="2" bec="0" bev="0" fileid="7" />
                <SequencePoint vc="0" uspid="87" ordinal="1" sl="87" sc="1" el="87" ec="2" bec="0" bev="0" fileid="7" />
                <SequencePoint vc="0" uspid="91" ordinal="2" sl="91" sc="1" el="91" ec="2" bec="0" bev="0" fileid="7" />
                <SequencePoint vc="0" uspid="92" ordinal="3" sl="92" sc="1" el="92" ec="2" bec="0" bev="0" fileid="7" />
                <SequencePoint vc="0" uspid="93" ordinal="4" sl="93" sc="1" el="93" ec="2" bec="0" bev="0" fileid="7" />
                <SequencePoint vc="0" uspid="95" ordinal="5" sl="95" sc="1" el="95" ec="2" bec="0" bev="0" fileid="7" />
                <SequencePoint vc="0" uspid="97" ordinal="6" sl="97" sc="1" el="97" ec="2" bec="0" bev="0" fileid="7" />
                <SequencePoint vc="0" uspid="98" ordinal="7" sl="98" sc="1" el="98" ec="2" bec="0" bev="0" fileid="7" />
              </SequencePoints>
              <BranchPoints>
                <BranchPoint vc="0" uspid="91" ordinal="0" path="0" offset="13" offsetend="15" sl="91" fileid="7" />
                <BranchPoint vc="0" uspid="91" ordinal="1" path="1" offset="13" offsetend="74" sl="91" fileid="7" />
              </BranchPoints>
              <MethodPoint vc="0" uspid="0" p8:type="SequencePoint" ordinal="4" offset="4" sc="0" sl="86" ec="1" el="98" bec="0" bev="0" fileid="7" xmlns:p8="xsi" />
            </Method>
            <Method cyclomaticComplexity="4" nPathComplexity="0" sequenceCoverage="0" branchCoverage="0" isConstructor="False" isGetter="False" isSetter="False" isStatic="True">
              <Summary numSequencePoints="3" visitedSequencePoints="0" numBranchPoints="4" visitedBranchPoints="0" sequenceCoverage="0" branchCoverage="0" maxCyclomaticComplexity="4" minCyclomaticComplexity="4" visitedClasses="0" numClasses="0" visitedMethods="0" numMethods="1" />
              <MetadataToken />
              <Name>Microsoft.AspNetCore.Mvc.IActionResult Translator.Client.Controllers.UserController::Error()</Name>
              <FileRef uid="7" />
              <SequencePoints>
                <SequencePoint vc="0" uspid="102" ordinal="0" sl="102" sc="1" el="102" ec="2" bec="0" bev="0" fileid="7" />
                <SequencePoint vc="0" uspid="103" ordinal="1" sl="103" sc="1" el="103" ec="2" bec="0" bev="0" fileid="7" />
                <SequencePoint vc="0" uspid="104" ordinal="2" sl="104" sc="1" el="104" ec="2" bec="0" bev="0" fileid="7" />
              </SequencePoints>
              <BranchPoints>
                <BranchPoint vc="0" uspid="103" ordinal="0" path="0" offset="14" offsetend="16" sl="103" fileid="7" />
                <BranchPoint vc="0" uspid="103" ordinal="1" path="1" offset="14" offsetend="20" sl="103" fileid="7" />
                <BranchPoint vc="0" uspid="103" ordinal="2" path="0" offset="26" offsetend="28" sl="103" fileid="7" />
                <BranchPoint vc="0" uspid="103" ordinal="3" path="1" offset="26" offsetend="40" sl="103" fileid="7" />
              </BranchPoints>
              <MethodPoint vc="0" uspid="0" p8:type="SequencePoint" ordinal="5" offset="5" sc="0" sl="102" ec="1" el="104" bec="0" bev="0" fileid="7" xmlns:p8="xsi" />
            </Method>
            <Method cyclomaticComplexity="1" nPathComplexity="0" sequenceCoverage="0" branchCoverage="100" isConstructor="True" isGetter="False" isSetter="False" isStatic="True">
              <Summary numSequencePoints="5" visitedSequencePoints="0" numBranchPoints="0" visitedBranchPoints="0" sequenceCoverage="0" branchCoverage="100" maxCyclomaticComplexity="1" minCyclomaticComplexity="1" visitedClasses="0" numClasses="0" visitedMethods="0" numMethods="1" />
              <MetadataToken />
              <Name>System.Void Translator.Client.Controllers.UserController::.ctor(Microsoft.Extensions.Logging.ILogger`1&lt;Translator.Client.Controllers.HomeController&gt;)</Name>
              <FileRef uid="7" />
              <SequencePoints>
                <SequencePoint vc="0" uspid="20" ordinal="0" sl="20" sc="1" el="20" ec="2" bec="0" bev="0" fileid="7" />
                <SequencePoint vc="0" uspid="23" ordinal="1" sl="23" sc="1" el="23" ec="2" bec="0" bev="0" fileid="7" />
                <SequencePoint vc="0" uspid="24" ordinal="2" sl="24" sc="1" el="24" ec="2" bec="0" bev="0" fileid="7" />
                <SequencePoint vc="0" uspid="25" ordinal="3" sl="25" sc="1" el="25" ec="2" bec="0" bev="0" fileid="7" />
                <SequencePoint vc="0" uspid="26" ordinal="4" sl="26" sc="1" el="26" ec="2" bec="0" bev="0" fileid="7" />
              </SequencePoints>
              <BranchPoints />
              <MethodPoint vc="0" uspid="0" p8:type="SequencePoint" ordinal="6" offset="6" sc="0" sl="20" ec="1" el="26" bec="0" bev="0" fileid="7" xmlns:p8="xsi" />
            </Method>
          </Methods>
        </Class>
      </Classes>
    </Module>
    <Module hash="8D7C0FEB-61E7-460A-BEE9-6180381E6338">
      <ModulePath>Translator.Client.Views.dll</ModulePath>
      <ModuleTime>2019-12-14T11:44:55</ModuleTime>
      <ModuleName>Translator.Client.Views</ModuleName>
      <Files>
        <File uid="8" fullPath="C:\Users\studio pc\revature_project\ccctranslator\Translator.Client\Views\Home\Index.cshtml" />
        <File uid="9" fullPath="C:\Users\studio pc\revature_project\ccctranslator\Translator.Client\Views\Home\Message.cshtml" />
        <File uid="10" fullPath="C:\Users\studio pc\revature_project\ccctranslator\Translator.Client\Views\Home\MessageBoard.cshtml" />
        <File uid="11" fullPath="C:\Users\studio pc\revature_project\ccctranslator\Translator.Client\Views\Home\Privacy.cshtml" />
        <File uid="12" fullPath="C:\Users\studio pc\revature_project\ccctranslator\Translator.Client\Views\Shared\Error.cshtml" />
        <File uid="13" fullPath="C:\Users\studio pc\revature_project\ccctranslator\Translator.Client\Views\Shared\_Layout.cshtml" />
        <File uid="14" fullPath="C:\Users\studio pc\revature_project\ccctranslator\Translator.Client\Views\Shared\_UserLayout.cshtml" />
        <File uid="15" fullPath="C:\Users\studio pc\revature_project\ccctranslator\Translator.Client\Views\User\Login.cshtml" />
        <File uid="16" fullPath="C:\Users\studio pc\revature_project\ccctranslator\Translator.Client\Views\User\SignUp.cshtml" />
        <File uid="17" fullPath="C:\Users\studio pc\revature_project\ccctranslator\Translator.Client\Views\_ViewStart.cshtml" />
      </Files>
      <Classes>
        <Class>
          <Summary numSequencePoints="1" visitedSequencePoints="0" numBranchPoints="0" visitedBranchPoints="0" sequenceCoverage="0" branchCoverage="100" maxCyclomaticComplexity="1" minCyclomaticComplexity="1" visitedClasses="0" numClasses="1" visitedMethods="0" numMethods="1" />
          <FullName>AspNetCore.Views_Home_Index/&lt;ExecuteAsync&gt;d__0</FullName>
          <Methods>
            <Method cyclomaticComplexity="1" nPathComplexity="0" sequenceCoverage="0" branchCoverage="100" isConstructor="False" isGetter="False" isSetter="False" isStatic="True">
              <Summary numSequencePoints="1" visitedSequencePoints="0" numBranchPoints="0" visitedBranchPoints="0" sequenceCoverage="0" branchCoverage="100" maxCyclomaticComplexity="1" minCyclomaticComplexity="1" visitedClasses="0" numClasses="0" visitedMethods="0" numMethods="1" />
              <MetadataToken />
              <Name>System.Void AspNetCore.Views_Home_Index/&lt;ExecuteAsync&gt;d__0::MoveNext()</Name>
              <FileRef uid="8" />
              <SequencePoints>
                <SequencePoint vc="0" uspid="2" ordinal="0" sl="2" sc="1" el="2" ec="2" bec="0" bev="0" fileid="8" />
              </SequencePoints>
              <BranchPoints />
              <MethodPoint vc="0" uspid="0" p8:type="SequencePoint" ordinal="0" offset="0" sc="0" sl="2" ec="1" el="2" bec="0" bev="0" fileid="8" xmlns:p8="xsi" />
            </Method>
          </Methods>
        </Class>
        <Class>
          <Summary numSequencePoints="2" visitedSequencePoints="0" numBranchPoints="2" visitedBranchPoints="0" sequenceCoverage="0" branchCoverage="0" maxCyclomaticComplexity="2" minCyclomaticComplexity="2" visitedClasses="0" numClasses="1" visitedMethods="0" numMethods="1" />
          <FullName>AspNetCore.Views_Home_Message/&lt;ExecuteAsync&gt;d__0</FullName>
          <Methods>
            <Method cyclomaticComplexity="2" nPathComplexity="0" sequenceCoverage="0" branchCoverage="0" isConstructor="False" isGetter="False" isSetter="False" isStatic="True">
              <Summary numSequencePoints="2" visitedSequencePoints="0" numBranchPoints="2" visitedBranchPoints="0" sequenceCoverage="0" branchCoverage="0" maxCyclomaticComplexity="2" minCyclomaticComplexity="2" visitedClasses="0" numClasses="0" visitedMethods="0" numMethods="1" />
              <MetadataToken />
              <Name>System.Void AspNetCore.Views_Home_Message/&lt;ExecuteAsync&gt;d__0::MoveNext()</Name>
              <FileRef uid="9" />
              <SequencePoints>
                <SequencePoint vc="0" uspid="2" ordinal="0" sl="2" sc="1" el="2" ec="2" bec="0" bev="0" fileid="9" />
                <SequencePoint vc="0" uspid="6" ordinal="1" sl="6" sc="1" el="6" ec="2" bec="0" bev="0" fileid="9" />
              </SequencePoints>
              <BranchPoints>
                <BranchPoint vc="0" uspid="6" ordinal="1" path="1" offset="149" offsetend="153" sl="6" fileid="9" />
                <BranchPoint vc="0" uspid="6" ordinal="0" path="0" offset="149" offsetend="200" sl="6" fileid="9" />
              </BranchPoints>
              <MethodPoint vc="0" uspid="0" p8:type="SequencePoint" ordinal="0" offset="0" sc="0" sl="2" ec="1" el="6" bec="0" bev="0" fileid="9" xmlns:p8="xsi" />
            </Method>
          </Methods>
        </Class>
        <Class>
          <Summary numSequencePoints="7" visitedSequencePoints="0" numBranchPoints="26" visitedBranchPoints="0" sequenceCoverage="0" branchCoverage="0" maxCyclomaticComplexity="26" minCyclomaticComplexity="26" visitedClasses="0" numClasses="1" visitedMethods="0" numMethods="1" />
          <FullName>AspNetCore.Views_Home_MessageBoard/&lt;ExecuteAsync&gt;d__10</FullName>
          <Methods>
            <Method cyclomaticComplexity="26" nPathComplexity="0" sequenceCoverage="0" branchCoverage="0" isConstructor="False" isGetter="False" isSetter="False" isStatic="True">
              <Summary numSequencePoints="7" visitedSequencePoints="0" numBranchPoints="26" visitedBranchPoints="0" sequenceCoverage="0" branchCoverage="0" maxCyclomaticComplexity="26" minCyclomaticComplexity="26" visitedClasses="0" numClasses="0" visitedMethods="0" numMethods="1" />
              <MetadataToken />
              <Name>System.Void AspNetCore.Views_Home_MessageBoard/&lt;ExecuteAsync&gt;d__10::MoveNext()</Name>
              <FileRef uid="10" />
              <SequencePoints>
                <SequencePoint vc="0" uspid="4" ordinal="0" sl="4" sc="1" el="4" ec="2" bec="0" bev="0" fileid="10" />
                <SequencePoint vc="0" uspid="10" ordinal="1" sl="10" sc="1" el="10" ec="2" bec="0" bev="0" fileid="10" />
                <SequencePoint vc="0" uspid="11" ordinal="2" sl="11" sc="1" el="11" ec="2" bec="0" bev="0" fileid="10" />
                <SequencePoint vc="0" uspid="14" ordinal="3" sl="14" sc="1" el="14" ec="2" bec="0" bev="0" fileid="10" />
                <SequencePoint vc="0" uspid="15" ordinal="4" sl="15" sc="1" el="15" ec="2" bec="0" bev="0" fileid="10" />
                <SequencePoint vc="0" uspid="16" ordinal="5" sl="16" sc="1" el="16" ec="2" bec="0" bev="0" fileid="10" />
                <SequencePoint vc="0" uspid="19" ordinal="6" sl="19" sc="1" el="19" ec="2" bec="0" bev="0" fileid="10" />
              </SequencePoints>
              <BranchPoints>
                <BranchPoint vc="0" uspid="4" ordinal="0" path="0" offset="14" offsetend="28" sl="4" fileid="10" />
                <BranchPoint vc="0" uspid="10" ordinal="3" path="1" offset="97" offsetend="101" sl="10" fileid="10" />
                <BranchPoint vc="0" uspid="10" ordinal="2" path="0" offset="97" offsetend="137" sl="10" fileid="10" />
                <BranchPoint vc="0" uspid="10" ordinal="5" path="1" offset="157" offsetend="161" sl="10" fileid="10" />
                <BranchPoint vc="0" uspid="10" ordinal="4" path="0" offset="157" offsetend="208" sl="10" fileid="10" />
                <BranchPoint vc="0" uspid="10" ordinal="19" path="1" offset="1055" offsetend="259" sl="10" fileid="10" />
                <BranchPoint vc="0" uspid="14" ordinal="7" path="1" offset="299" offsetend="303" sl="14" fileid="10" />
                <BranchPoint vc="0" uspid="14" ordinal="6" path="0" offset="299" offsetend="365" sl="14" fileid="10" />
                <BranchPoint vc="0" uspid="14" ordinal="9" path="1" offset="391" offsetend="395" sl="14" fileid="10" />
                <BranchPoint vc="0" uspid="14" ordinal="8" path="0" offset="391" offsetend="442" sl="14" fileid="10" />
                <BranchPoint vc="0" uspid="15" ordinal="11" path="1" offset="496" offsetend="500" sl="15" fileid="10" />
                <BranchPoint vc="0" uspid="15" ordinal="10" path="0" offset="496" offsetend="562" sl="15" fileid="10" />
                <BranchPoint vc="0" uspid="15" ordinal="13" path="1" offset="588" offsetend="592" sl="15" fileid="10" />
                <BranchPoint vc="0" uspid="15" ordinal="12" path="0" offset="588" offsetend="639" sl="15" fileid="10" />
                <BranchPoint vc="0" uspid="16" ordinal="15" path="1" offset="765" offsetend="769" sl="16" fileid="10" />
                <BranchPoint vc="0" uspid="16" ordinal="14" path="0" offset="765" offsetend="881" sl="16" fileid="10" />
                <BranchPoint vc="0" uspid="16" ordinal="17" path="1" offset="917" offsetend="921" sl="16" fileid="10" />
                <BranchPoint vc="0" uspid="16" ordinal="16" path="0" offset="917" offsetend="968" sl="16" fileid="10" />
                <BranchPoint vc="0" uspid="10" ordinal="18" path="0" offset="1055" offsetend="1060" sl="10" fileid="10" />
                <BranchPoint vc="0" uspid="10" ordinal="20" path="0" offset="1384" offsetend="1386" sl="10" fileid="10" />
                <BranchPoint vc="0" uspid="10" ordinal="21" path="1" offset="1384" offsetend="1453" sl="10" fileid="10" />
                <BranchPoint vc="0" uspid="10" ordinal="22" path="0" offset="1489" offsetend="1491" sl="10" fileid="10" />
                <BranchPoint vc="0" uspid="10" ordinal="24" path="0" offset="1522" offsetend="1524" sl="10" fileid="10" />
                <BranchPoint vc="0" uspid="4" ordinal="1" path="1" offset="14" offsetend="1564" sl="4" fileid="10" />
                <BranchPoint vc="0" uspid="10" ordinal="25" path="1" offset="1522" offsetend="1593" sl="10" fileid="10" />
                <BranchPoint vc="0" uspid="10" ordinal="23" path="1" offset="1489" offsetend="1602" sl="10" fileid="10" />
              </BranchPoints>
              <MethodPoint vc="0" uspid="0" p8:type="SequencePoint" ordinal="0" offset="0" sc="0" sl="4" ec="1" el="19" bec="0" bev="0" fileid="10" xmlns:p8="xsi" />
            </Method>
          </Methods>
        </Class>
        <Class>
          <Summary numSequencePoints="2" visitedSequencePoints="0" numBranchPoints="0" visitedBranchPoints="0" sequenceCoverage="0" branchCoverage="100" maxCyclomaticComplexity="1" minCyclomaticComplexity="1" visitedClasses="0" numClasses="1" visitedMethods="0" numMethods="1" />
          <FullName>AspNetCore.Views_Home_Privacy/&lt;ExecuteAsync&gt;d__0</FullName>
          <Methods>
            <Method cyclomaticComplexity="1" nPathComplexity="0" sequenceCoverage="0" branchCoverage="100" isConstructor="False" isGetter="False" isSetter="False" isStatic="True">
              <Summary numSequencePoints="2" visitedSequencePoints="0" numBranchPoints="0" visitedBranchPoints="0" sequenceCoverage="0" branchCoverage="100" maxCyclomaticComplexity="1" minCyclomaticComplexity="1" visitedClasses="0" numClasses="0" visitedMethods="0" numMethods="1" />
              <MetadataToken />
              <Name>System.Void AspNetCore.Views_Home_Privacy/&lt;ExecuteAsync&gt;d__0::MoveNext()</Name>
              <FileRef uid="11" />
              <SequencePoints>
                <SequencePoint vc="0" uspid="2" ordinal="0" sl="2" sc="1" el="2" ec="2" bec="0" bev="0" fileid="11" />
                <SequencePoint vc="0" uspid="4" ordinal="1" sl="4" sc="1" el="4" ec="2" bec="0" bev="0" fileid="11" />
              </SequencePoints>
              <BranchPoints />
              <MethodPoint vc="0" uspid="0" p8:type="SequencePoint" ordinal="0" offset="0" sc="0" sl="2" ec="1" el="4" bec="0" bev="0" fileid="11" xmlns:p8="xsi" />
            </Method>
          </Methods>
        </Class>
        <Class>
          <Summary numSequencePoints="5" visitedSequencePoints="0" numBranchPoints="0" visitedBranchPoints="0" sequenceCoverage="0" branchCoverage="100" maxCyclomaticComplexity="1" minCyclomaticComplexity="1" visitedClasses="0" numClasses="1" visitedMethods="0" numMethods="1" />
          <FullName>AspNetCore.Views_Shared_Error/&lt;ExecuteAsync&gt;d__0</FullName>
          <Methods>
            <Method cyclomaticComplexity="1" nPathComplexity="0" sequenceCoverage="0" branchCoverage="100" isConstructor="False" isGetter="False" isSetter="False" isStatic="True">
              <Summary numSequencePoints="5" visitedSequencePoints="0" numBranchPoints="0" visitedBranchPoints="0" sequenceCoverage="0" branchCoverage="100" maxCyclomaticComplexity="1" minCyclomaticComplexity="1" visitedClasses="0" numClasses="0" visitedMethods="0" numMethods="1" />
              <MetadataToken />
              <Name>System.Void AspNetCore.Views_Shared_Error/&lt;ExecuteAsync&gt;d__0::MoveNext()</Name>
              <FileRef uid="12" />
              <SequencePoints>
                <SequencePoint vc="0" uspid="3" ordinal="0" sl="3" sc="1" el="3" ec="2" bec="0" bev="0" fileid="12" />
                <SequencePoint vc="0" uspid="9" ordinal="1" sl="9" sc="1" el="9" ec="2" bec="0" bev="0" fileid="12" />
                <SequencePoint vc="0" uspid="10" ordinal="2" sl="10" sc="1" el="10" ec="2" bec="0" bev="0" fileid="12" />
                <SequencePoint vc="0" uspid="12" ordinal="3" sl="12" sc="1" el="12" ec="2" bec="0" bev="0" fileid="12" />
                <SequencePoint vc="0" uspid="14" ordinal="4" sl="14" sc="1" el="14" ec="2" bec="0" bev="0" fileid="12" />
              </SequencePoints>
              <BranchPoints />
              <MethodPoint vc="0" uspid="0" p8:type="SequencePoint" ordinal="0" offset="0" sc="0" sl="3" ec="1" el="14" bec="0" bev="0" fileid="12" xmlns:p8="xsi" />
            </Method>
          </Methods>
        </Class>
        <Class>
          <Summary numSequencePoints="1" visitedSequencePoints="0" numBranchPoints="12" visitedBranchPoints="0" sequenceCoverage="0" branchCoverage="0" maxCyclomaticComplexity="12" minCyclomaticComplexity="12" visitedClasses="0" numClasses="1" visitedMethods="0" numMethods="1" />
          <FullName>AspNetCore.Views_Shared__Layout/&lt;&lt;ExecuteAsync&gt;b__24_0&gt;d</FullName>
          <Methods>
            <Method cyclomaticComplexity="12" nPathComplexity="0" sequenceCoverage="0" branchCoverage="0" isConstructor="False" isGetter="False" isSetter="False" isStatic="True">
              <Summary numSequencePoints="1" visitedSequencePoints="0" numBranchPoints="12" visitedBranchPoints="0" sequenceCoverage="0" branchCoverage="0" maxCyclomaticComplexity="12" minCyclomaticComplexity="12" visitedClasses="0" numClasses="0" visitedMethods="0" numMethods="1" />
              <MetadataToken />
              <Name>System.Void AspNetCore.Views_Shared__Layout/&lt;&lt;ExecuteAsync&gt;b__24_0&gt;d::MoveNext()</Name>
              <FileRef uid="13" />
              <SequencePoints>
                <SequencePoint vc="0" uspid="6" ordinal="0" sl="6" sc="1" el="6" ec="2" bec="0" bev="0" fileid="13" />
              </SequencePoints>
              <BranchPoints>
                <BranchPoint vc="0" uspid="6" ordinal="0" path="0" offset="8" offsetend="12" sl="6" fileid="13" />
                <BranchPoint vc="0" uspid="6" ordinal="2" path="0" offset="14" offsetend="28" sl="6" fileid="13" />
                <BranchPoint vc="0" uspid="6" ordinal="4" path="0" offset="130" offsetend="132" sl="6" fileid="13" />
                <BranchPoint vc="0" uspid="6" ordinal="5" path="1" offset="130" offsetend="155" sl="6" fileid="13" />
                <BranchPoint vc="0" uspid="6" ordinal="6" path="0" offset="299" offsetend="301" sl="6" fileid="13" />
                <BranchPoint vc="0" uspid="6" ordinal="1" path="1" offset="8" offsetend="340" sl="6" fileid="13" />
                <BranchPoint vc="0" uspid="6" ordinal="7" path="1" offset="299" offsetend="368" sl="6" fileid="13" />
                <BranchPoint vc="0" uspid="6" ordinal="8" path="0" offset="402" offsetend="404" sl="6" fileid="13" />
                <BranchPoint vc="0" uspid="6" ordinal="10" path="0" offset="435" offsetend="437" sl="6" fileid="13" />
                <BranchPoint vc="0" uspid="6" ordinal="3" path="1" offset="14" offsetend="477" sl="6" fileid="13" />
                <BranchPoint vc="0" uspid="6" ordinal="11" path="1" offset="435" offsetend="506" sl="6" fileid="13" />
                <BranchPoint vc="0" uspid="6" ordinal="9" path="1" offset="402" offsetend="515" sl="6" fileid="13" />
              </BranchPoints>
              <MethodPoint vc="0" uspid="0" p8:type="SequencePoint" ordinal="0" offset="0" sc="0" sl="6" ec="1" el="6" bec="0" bev="0" fileid="13" xmlns:p8="xsi" />
            </Method>
          </Methods>
        </Class>
        <Class>
          <Summary numSequencePoints="3" visitedSequencePoints="0" numBranchPoints="67" visitedBranchPoints="0" sequenceCoverage="0" branchCoverage="0" maxCyclomaticComplexity="67" minCyclomaticComplexity="67" visitedClasses="0" numClasses="1" visitedMethods="0" numMethods="1" />
          <FullName>AspNetCore.Views_Shared__Layout/&lt;&lt;ExecuteAsync&gt;b__24_1&gt;d</FullName>
          <Methods>
            <Method cyclomaticComplexity="67" nPathComplexity="0" sequenceCoverage="0" branchCoverage="0" isConstructor="False" isGetter="False" isSetter="False" isStatic="True">
              <Summary numSequencePoints="3" visitedSequencePoints="0" numBranchPoints="67" visitedBranchPoints="0" sequenceCoverage="0" branchCoverage="0" maxCyclomaticComplexity="67" minCyclomaticComplexity="67" visitedClasses="0" numClasses="0" visitedMethods="0" numMethods="1" />
              <MetadataToken />
              <Name>System.Void AspNetCore.Views_Shared__Layout/&lt;&lt;ExecuteAsync&gt;b__24_1&gt;d::MoveNext()</Name>
              <FileRef uid="13" />
              <SequencePoints>
                <SequencePoint vc="0" uspid="43" ordinal="0" sl="43" sc="1" el="43" ec="2" bec="0" bev="0" fileid="13" />
                <SequencePoint vc="0" uspid="56" ordinal="1" sl="56" sc="1" el="56" ec="2" bec="0" bev="0" fileid="13" />
                <SequencePoint vc="0" uspid="57" ordinal="2" sl="57" sc="1" el="57" ec="2" bec="0" bev="0" fileid="13" />
              </SequencePoints>
              <BranchPoints>
                <BranchPoint vc="0" uspid="43" ordinal="0" path="0" offset="8" offsetend="159" sl="43" fileid="13" />
                <BranchPoint vc="0" uspid="43" ordinal="17" path="0" offset="506" offsetend="508" sl="43" fileid="13" />
                <BranchPoint vc="0" uspid="43" ordinal="1" path="1" offset="8" offsetend="547" sl="43" fileid="13" />
                <BranchPoint vc="0" uspid="43" ordinal="18" path="1" offset="506" offsetend="575" sl="43" fileid="13" />
                <BranchPoint vc="0" uspid="43" ordinal="19" path="0" offset="609" offsetend="611" sl="43" fileid="13" />
                <BranchPoint vc="0" uspid="43" ordinal="21" path="0" offset="642" offsetend="644" sl="43" fileid="13" />
                <BranchPoint vc="0" uspid="43" ordinal="2" path="2" offset="8" offsetend="684" sl="43" fileid="13" />
                <BranchPoint vc="0" uspid="43" ordinal="22" path="1" offset="642" offsetend="713" sl="43" fileid="13" />
                <BranchPoint vc="0" uspid="43" ordinal="20" path="1" offset="609" offsetend="722" sl="43" fileid="13" />
                <BranchPoint vc="0" uspid="43" ordinal="23" path="0" offset="1124" offsetend="1126" sl="43" fileid="13" />
                <BranchPoint vc="0" uspid="43" ordinal="3" path="3" offset="8" offsetend="1166" sl="43" fileid="13" />
                <BranchPoint vc="0" uspid="43" ordinal="24" path="1" offset="1124" offsetend="1195" sl="43" fileid="13" />
                <BranchPoint vc="0" uspid="43" ordinal="25" path="0" offset="1231" offsetend="1233" sl="43" fileid="13" />
                <BranchPoint vc="0" uspid="43" ordinal="27" path="0" offset="1264" offsetend="1266" sl="43" fileid="13" />
                <BranchPoint vc="0" uspid="43" ordinal="4" path="4" offset="8" offsetend="1306" sl="43" fileid="13" />
                <BranchPoint vc="0" uspid="43" ordinal="28" path="1" offset="1264" offsetend="1335" sl="43" fileid="13" />
                <BranchPoint vc="0" uspid="43" ordinal="26" path="1" offset="1231" offsetend="1344" sl="43" fileid="13" />
                <BranchPoint vc="0" uspid="43" ordinal="29" path="0" offset="1746" offsetend="1748" sl="43" fileid="13" />
                <BranchPoint vc="0" uspid="43" ordinal="5" path="5" offset="8" offsetend="1788" sl="43" fileid="13" />
                <BranchPoint vc="0" uspid="43" ordinal="30" path="1" offset="1746" offsetend="1817" sl="43" fileid="13" />
                <BranchPoint vc="0" uspid="43" ordinal="31" path="0" offset="1853" offsetend="1855" sl="43" fileid="13" />
                <BranchPoint vc="0" uspid="43" ordinal="33" path="0" offset="1886" offsetend="1888" sl="43" fileid="13" />
                <BranchPoint vc="0" uspid="43" ordinal="6" path="6" offset="8" offsetend="1928" sl="43" fileid="13" />
                <BranchPoint vc="0" uspid="43" ordinal="34" path="1" offset="1886" offsetend="1957" sl="43" fileid="13" />
                <BranchPoint vc="0" uspid="43" ordinal="32" path="1" offset="1853" offsetend="1966" sl="43" fileid="13" />
                <BranchPoint vc="0" uspid="43" ordinal="35" path="0" offset="2368" offsetend="2370" sl="43" fileid="13" />
                <BranchPoint vc="0" uspid="43" ordinal="7" path="7" offset="8" offsetend="2410" sl="43" fileid="13" />
                <BranchPoint vc="0" uspid="43" ordinal="36" path="1" offset="2368" offsetend="2439" sl="43" fileid="13" />
                <BranchPoint vc="0" uspid="43" ordinal="37" path="0" offset="2475" offsetend="2477" sl="43" fileid="13" />
                <BranchPoint vc="0" uspid="43" ordinal="39" path="0" offset="2508" offsetend="2510" sl="43" fileid="13" />
                <BranchPoint vc="0" uspid="43" ordinal="8" path="8" offset="8" offsetend="2550" sl="43" fileid="13" />
                <BranchPoint vc="0" uspid="43" ordinal="40" path="1" offset="2508" offsetend="2579" sl="43" fileid="13" />
                <BranchPoint vc="0" uspid="43" ordinal="38" path="1" offset="2475" offsetend="2588" sl="43" fileid="13" />
                <BranchPoint vc="0" uspid="43" ordinal="41" path="0" offset="2990" offsetend="2992" sl="43" fileid="13" />
                <BranchPoint vc="0" uspid="43" ordinal="9" path="9" offset="8" offsetend="3032" sl="43" fileid="13" />
                <BranchPoint vc="0" uspid="43" ordinal="42" path="1" offset="2990" offsetend="3061" sl="43" fileid="13" />
                <BranchPoint vc="0" uspid="43" ordinal="43" path="0" offset="3097" offsetend="3099" sl="43" fileid="13" />
                <BranchPoint vc="0" uspid="43" ordinal="45" path="0" offset="3130" offsetend="3132" sl="43" fileid="13" />
                <BranchPoint vc="0" uspid="43" ordinal="10" path="10" offset="8" offsetend="3173" sl="43" fileid="13" />
                <BranchPoint vc="0" uspid="43" ordinal="46" path="1" offset="3130" offsetend="3202" sl="43" fileid="13" />
                <BranchPoint vc="0" uspid="43" ordinal="44" path="1" offset="3097" offsetend="3211" sl="43" fileid="13" />
                <BranchPoint vc="0" uspid="43" ordinal="47" path="0" offset="3613" offsetend="3615" sl="43" fileid="13" />
                <BranchPoint vc="0" uspid="43" ordinal="11" path="11" offset="8" offsetend="3656" sl="43" fileid="13" />
                <BranchPoint vc="0" uspid="43" ordinal="48" path="1" offset="3613" offsetend="3685" sl="43" fileid="13" />
                <BranchPoint vc="0" uspid="43" ordinal="49" path="0" offset="3721" offsetend="3723" sl="43" fileid="13" />
                <BranchPoint vc="0" uspid="43" ordinal="51" path="0" offset="3754" offsetend="3756" sl="43" fileid="13" />
                <BranchPoint vc="0" uspid="43" ordinal="12" path="12" offset="8" offsetend="3797" sl="43" fileid="13" />
                <BranchPoint vc="0" uspid="43" ordinal="52" path="1" offset="3754" offsetend="3826" sl="43" fileid="13" />
                <BranchPoint vc="0" uspid="43" ordinal="50" path="1" offset="3721" offsetend="3835" sl="43" fileid="13" />
                <BranchPoint vc="0" uspid="43" ordinal="53" path="0" offset="4255" offsetend="4257" sl="43" fileid="13" />
                <BranchPoint vc="0" uspid="43" ordinal="13" path="13" offset="8" offsetend="4298" sl="43" fileid="13" />
                <BranchPoint vc="0" uspid="43" ordinal="54" path="1" offset="4255" offsetend="4327" sl="43" fileid="13" />
                <BranchPoint vc="0" uspid="43" ordinal="55" path="0" offset="4363" offsetend="4365" sl="43" fileid="13" />
                <BranchPoint vc="0" uspid="43" ordinal="57" path="0" offset="4396" offsetend="4398" sl="43" fileid="13" />
                <BranchPoint vc="0" uspid="43" ordinal="14" path="14" offset="8" offsetend="4439" sl="43" fileid="13" />
                <BranchPoint vc="0" uspid="43" ordinal="58" path="1" offset="4396" offsetend="4468" sl="43" fileid="13" />
[...]
                <SequencePoint vc="0" uspid="96" ordinal="76" sl="96" sc="1" el="96" ec="2" bec="0" bev="0" fileid="29" />
                <SequencePoint vc="0" uspid="97" ordinal="77" sl="97" sc="1" el="97" ec="2" bec="0" bev="0" fileid="29" />
                <SequencePoint vc="0" uspid="98" ordinal="78" sl="98" sc="1" el="98" ec="2" bec="0" bev="0" fileid="29" />
                <SequencePoint vc="0" uspid="99" ordinal="79" sl="99" sc="1" el="99" ec="2" bec="0" bev="0" fileid="29" />
                <SequencePoint vc="0" uspid="100" ordinal="80" sl="100" sc="1" el="100" ec="2" bec="0" bev="0" fileid="29" />
                <SequencePoint vc="0" uspid="101" ordinal="81" sl="101" sc="1" el="101" ec="2" bec="0" bev="0" fileid="29" />
                <SequencePoint vc="0" uspid="102" ordinal="82" sl="102" sc="1" el="102" ec="2" bec="0" bev="0" fileid="29" />
                <SequencePoint vc="0" uspid="103" ordinal="83" sl="103" sc="1" el="103" ec="2" bec="0" bev="0" fileid="29" />
                <SequencePoint vc="0" uspid="104" ordinal="84" sl="104" sc="1" el="104" ec="2" bec="0" bev="0" fileid="29" />
                <SequencePoint vc="0" uspid="105" ordinal="85" sl="105" sc="1" el="105" ec="2" bec="0" bev="0" fileid="29" />
                <SequencePoint vc="0" uspid="106" ordinal="86" sl="106" sc="1" el="106" ec="2" bec="0" bev="0" fileid="29" />
                <SequencePoint vc="0" uspid="107" ordinal="87" sl="107" sc="1" el="107" ec="2" bec="0" bev="0" fileid="29" />
                <SequencePoint vc="0" uspid="108" ordinal="88" sl="108" sc="1" el="108" ec="2" bec="0" bev="0" fileid="29" />
                <SequencePoint vc="0" uspid="109" ordinal="89" sl="109" sc="1" el="109" ec="2" bec="0" bev="0" fileid="29" />
                <SequencePoint vc="0" uspid="110" ordinal="90" sl="110" sc="1" el="110" ec="2" bec="0" bev="0" fileid="29" />
                <SequencePoint vc="0" uspid="111" ordinal="91" sl="111" sc="1" el="111" ec="2" bec="0" bev="0" fileid="29" />
                <SequencePoint vc="0" uspid="112" ordinal="92" sl="112" sc="1" el="112" ec="2" bec="0" bev="0" fileid="29" />
                <SequencePoint vc="0" uspid="113" ordinal="93" sl="113" sc="1" el="113" ec="2" bec="0" bev="0" fileid="29" />
                <SequencePoint vc="0" uspid="114" ordinal="94" sl="114" sc="1" el="114" ec="2" bec="0" bev="0" fileid="29" />
                <SequencePoint vc="0" uspid="115" ordinal="95" sl="115" sc="1" el="115" ec="2" bec="0" bev="0" fileid="29" />
                <SequencePoint vc="0" uspid="117" ordinal="96" sl="117" sc="1" el="117" ec="2" bec="0" bev="0" fileid="29" />
                <SequencePoint vc="0" uspid="118" ordinal="97" sl="118" sc="1" el="118" ec="2" bec="0" bev="0" fileid="29" />
                <SequencePoint vc="0" uspid="119" ordinal="98" sl="119" sc="1" el="119" ec="2" bec="0" bev="0" fileid="29" />
                <SequencePoint vc="0" uspid="120" ordinal="99" sl="120" sc="1" el="120" ec="2" bec="0" bev="0" fileid="29" />
                <SequencePoint vc="0" uspid="121" ordinal="100" sl="121" sc="1" el="121" ec="2" bec="0" bev="0" fileid="29" />
                <SequencePoint vc="0" uspid="122" ordinal="101" sl="122" sc="1" el="122" ec="2" bec="0" bev="0" fileid="29" />
                <SequencePoint vc="0" uspid="123" ordinal="102" sl="123" sc="1" el="123" ec="2" bec="0" bev="0" fileid="29" />
                <SequencePoint vc="0" uspid="124" ordinal="103" sl="124" sc="1" el="124" ec="2" bec="0" bev="0" fileid="29" />
                <SequencePoint vc="0" uspid="126" ordinal="104" sl="126" sc="1" el="126" ec="2" bec="0" bev="0" fileid="29" />
              </SequencePoints>
              <BranchPoints>
                <BranchPoint vc="0" uspid="24" ordinal="0" path="0" offset="63" offsetend="65" sl="24" fileid="29" />
                <BranchPoint vc="0" uspid="24" ordinal="1" path="1" offset="63" offsetend="88" sl="24" fileid="29" />
                <BranchPoint vc="0" uspid="70" ordinal="2" path="0" offset="106" offsetend="108" sl="70" fileid="29" />
                <BranchPoint vc="0" uspid="70" ordinal="3" path="1" offset="106" offsetend="131" sl="70" fileid="29" />
                <BranchPoint vc="0" uspid="117" ordinal="4" path="0" offset="149" offsetend="151" sl="117" fileid="29" />
                <BranchPoint vc="0" uspid="117" ordinal="5" path="1" offset="149" offsetend="174" sl="117" fileid="29" />
              </BranchPoints>
              <MethodPoint vc="0" uspid="0" p8:type="SequencePoint" ordinal="0" offset="0" sc="0" sl="17" ec="1" el="126" bec="0" bev="0" fileid="29" xmlns:p8="xsi" />
            </Method>
          </Methods>
        </Class>
        <Class>
          <Summary numSequencePoints="105" visitedSequencePoints="0" numBranchPoints="6" visitedBranchPoints="0" sequenceCoverage="0" branchCoverage="0" maxCyclomaticComplexity="6" minCyclomaticComplexity="6" visitedClasses="0" numClasses="1" visitedMethods="0" numMethods="1" />
          <FullName>Translator.Storing.Migrations.TranslatorDbContextModelSnapshot</FullName>
          <Methods>
            <Method cyclomaticComplexity="6" nPathComplexity="0" sequenceCoverage="0" branchCoverage="0" isConstructor="False" isGetter="False" isSetter="False" isStatic="True">
              <Summary numSequencePoints="105" visitedSequencePoints="0" numBranchPoints="6" visitedBranchPoints="0" sequenceCoverage="0" branchCoverage="0" maxCyclomaticComplexity="6" minCyclomaticComplexity="6" visitedClasses="0" numClasses="0" visitedMethods="0" numMethods="1" />
              <MetadataToken />
              <Name>System.Void Translator.Storing.Migrations.TranslatorDbContextModelSnapshot::BuildModel(Microsoft.EntityFrameworkCore.ModelBuilder)</Name>
              <FileRef uid="30" />
              <SequencePoints>
                <SequencePoint vc="0" uspid="15" ordinal="0" sl="15" sc="1" el="15" ec="2" bec="0" bev="0" fileid="30" />
                <SequencePoint vc="0" uspid="17" ordinal="1" sl="17" sc="1" el="17" ec="2" bec="0" bev="0" fileid="30" />
                <SequencePoint vc="0" uspid="18" ordinal="2" sl="18" sc="1" el="18" ec="2" bec="0" bev="0" fileid="30" />
                <SequencePoint vc="0" uspid="19" ordinal="3" sl="19" sc="1" el="19" ec="2" bec="0" bev="0" fileid="30" />
                <SequencePoint vc="0" uspid="20" ordinal="4" sl="20" sc="1" el="20" ec="2" bec="0" bev="0" fileid="30" />
                <SequencePoint vc="0" uspid="22" ordinal="5" sl="22" sc="1" el="22" ec="2" bec="0" bev="0" fileid="30" />
                <SequencePoint vc="0" uspid="23" ordinal="6" sl="23" sc="1" el="23" ec="2" bec="0" bev="0" fileid="30" />
                <SequencePoint vc="0" uspid="24" ordinal="7" sl="24" sc="1" el="24" ec="2" bec="0" bev="0" fileid="30" />
                <SequencePoint vc="0" uspid="25" ordinal="8" sl="25" sc="1" el="25" ec="2" bec="0" bev="0" fileid="30" />
                <SequencePoint vc="0" uspid="26" ordinal="9" sl="26" sc="1" el="26" ec="2" bec="0" bev="0" fileid="30" />
                <SequencePoint vc="0" uspid="27" ordinal="10" sl="27" sc="1" el="27" ec="2" bec="0" bev="0" fileid="30" />
                <SequencePoint vc="0" uspid="28" ordinal="11" sl="28" sc="1" el="28" ec="2" bec="0" bev="0" fileid="30" />
                <SequencePoint vc="0" uspid="29" ordinal="12" sl="29" sc="1" el="29" ec="2" bec="0" bev="0" fileid="30" />
                <SequencePoint vc="0" uspid="30" ordinal="13" sl="30" sc="1" el="30" ec="2" bec="0" bev="0" fileid="30" />
                <SequencePoint vc="0" uspid="31" ordinal="14" sl="31" sc="1" el="31" ec="2" bec="0" bev="0" fileid="30" />
                <SequencePoint vc="0" uspid="32" ordinal="15" sl="32" sc="1" el="32" ec="2" bec="0" bev="0" fileid="30" />
                <SequencePoint vc="0" uspid="33" ordinal="16" sl="33" sc="1" el="33" ec="2" bec="0" bev="0" fileid="30" />
                <SequencePoint vc="0" uspid="34" ordinal="17" sl="34" sc="1" el="34" ec="2" bec="0" bev="0" fileid="30" />
                <SequencePoint vc="0" uspid="35" ordinal="18" sl="35" sc="1" el="35" ec="2" bec="0" bev="0" fileid="30" />
                <SequencePoint vc="0" uspid="36" ordinal="19" sl="36" sc="1" el="36" ec="2" bec="0" bev="0" fileid="30" />
                <SequencePoint vc="0" uspid="37" ordinal="20" sl="37" sc="1" el="37" ec="2" bec="0" bev="0" fileid="30" />
                <SequencePoint vc="0" uspid="38" ordinal="21" sl="38" sc="1" el="38" ec="2" bec="0" bev="0" fileid="30" />
                <SequencePoint vc="0" uspid="39" ordinal="22" sl="39" sc="1" el="39" ec="2" bec="0" bev="0" fileid="30" />
                <SequencePoint vc="0" uspid="40" ordinal="23" sl="40" sc="1" el="40" ec="2" bec="0" bev="0" fileid="30" />
                <SequencePoint vc="0" uspid="41" ordinal="24" sl="41" sc="1" el="41" ec="2" bec="0" bev="0" fileid="30" />
                <SequencePoint vc="0" uspid="42" ordinal="25" sl="42" sc="1" el="42" ec="2" bec="0" bev="0" fileid="30" />
                <SequencePoint vc="0" uspid="43" ordinal="26" sl="43" sc="1" el="43" ec="2" bec="0" bev="0" fileid="30" />
                <SequencePoint vc="0" uspid="44" ordinal="27" sl="44" sc="1" el="44" ec="2" bec="0" bev="0" fileid="30" />
                <SequencePoint vc="0" uspid="45" ordinal="28" sl="45" sc="1" el="45" ec="2" bec="0" bev="0" fileid="30" />
                <SequencePoint vc="0" uspid="46" ordinal="29" sl="46" sc="1" el="46" ec="2" bec="0" bev="0" fileid="30" />
                <SequencePoint vc="0" uspid="47" ordinal="30" sl="47" sc="1" el="47" ec="2" bec="0" bev="0" fileid="30" />
                <SequencePoint vc="0" uspid="48" ordinal="31" sl="48" sc="1" el="48" ec="2" bec="0" bev="0" fileid="30" />
                <SequencePoint vc="0" uspid="49" ordinal="32" sl="49" sc="1" el="49" ec="2" bec="0" bev="0" fileid="30" />
                <SequencePoint vc="0" uspid="50" ordinal="33" sl="50" sc="1" el="50" ec="2" bec="0" bev="0" fileid="30" />
                <SequencePoint vc="0" uspid="51" ordinal="34" sl="51" sc="1" el="51" ec="2" bec="0" bev="0" fileid="30" />
                <SequencePoint vc="0" uspid="52" ordinal="35" sl="52" sc="1" el="52" ec="2" bec="0" bev="0" fileid="30" />
                <SequencePoint vc="0" uspid="53" ordinal="36" sl="53" sc="1" el="53" ec="2" bec="0" bev="0" fileid="30" />
                <SequencePoint vc="0" uspid="54" ordinal="37" sl="54" sc="1" el="54" ec="2" bec="0" bev="0" fileid="30" />
                <SequencePoint vc="0" uspid="55" ordinal="38" sl="55" sc="1" el="55" ec="2" bec="0" bev="0" fileid="30" />
                <SequencePoint vc="0" uspid="56" ordinal="39" sl="56" sc="1" el="56" ec="2" bec="0" bev="0" fileid="30" />
                <SequencePoint vc="0" uspid="57" ordinal="40" sl="57" sc="1" el="57" ec="2" bec="0" bev="0" fileid="30" />
                <SequencePoint vc="0" uspid="58" ordinal="41" sl="58" sc="1" el="58" ec="2" bec="0" bev="0" fileid="30" />
                <SequencePoint vc="0" uspid="59" ordinal="42" sl="59" sc="1" el="59" ec="2" bec="0" bev="0" fileid="30" />
                <SequencePoint vc="0" uspid="60" ordinal="43" sl="60" sc="1" el="60" ec="2" bec="0" bev="0" fileid="30" />
                <SequencePoint vc="0" uspid="61" ordinal="44" sl="61" sc="1" el="61" ec="2" bec="0" bev="0" fileid="30" />
                <SequencePoint vc="0" uspid="62" ordinal="45" sl="62" sc="1" el="62" ec="2" bec="0" bev="0" fileid="30" />
                <SequencePoint vc="0" uspid="63" ordinal="46" sl="63" sc="1" el="63" ec="2" bec="0" bev="0" fileid="30" />
                <SequencePoint vc="0" uspid="64" ordinal="47" sl="64" sc="1" el="64" ec="2" bec="0" bev="0" fileid="30" />
                <SequencePoint vc="0" uspid="65" ordinal="48" sl="65" sc="1" el="65" ec="2" bec="0" bev="0" fileid="30" />
                <SequencePoint vc="0" uspid="66" ordinal="49" sl="66" sc="1" el="66" ec="2" bec="0" bev="0" fileid="30" />
                <SequencePoint vc="0" uspid="68" ordinal="50" sl="68" sc="1" el="68" ec="2" bec="0" bev="0" fileid="30" />
                <SequencePoint vc="0" uspid="69" ordinal="51" sl="69" sc="1" el="69" ec="2" bec="0" bev="0" fileid="30" />
                <SequencePoint vc="0" uspid="70" ordinal="52" sl="70" sc="1" el="70" ec="2" bec="0" bev="0" fileid="30" />
                <SequencePoint vc="0" uspid="71" ordinal="53" sl="71" sc="1" el="71" ec="2" bec="0" bev="0" fileid="30" />
                <SequencePoint vc="0" uspid="72" ordinal="54" sl="72" sc="1" el="72" ec="2" bec="0" bev="0" fileid="30" />
                <SequencePoint vc="0" uspid="73" ordinal="55" sl="73" sc="1" el="73" ec="2" bec="0" bev="0" fileid="30" />
                <SequencePoint vc="0" uspid="74" ordinal="56" sl="74" sc="1" el="74" ec="2" bec="0" bev="0" fileid="30" />
                <SequencePoint vc="0" uspid="75" ordinal="57" sl="75" sc="1" el="75" ec="2" bec="0" bev="0" fileid="30" />
                <SequencePoint vc="0" uspid="76" ordinal="58" sl="76" sc="1" el="76" ec="2" bec="0" bev="0" fileid="30" />
                <SequencePoint vc="0" uspid="77" ordinal="59" sl="77" sc="1" el="77" ec="2" bec="0" bev="0" fileid="30" />
                <SequencePoint vc="0" uspid="78" ordinal="60" sl="78" sc="1" el="78" ec="2" bec="0" bev="0" fileid="30" />
                <SequencePoint vc="0" uspid="79" ordinal="61" sl="79" sc="1" el="79" ec="2" bec="0" bev="0" fileid="30" />
                <SequencePoint vc="0" uspid="80" ordinal="62" sl="80" sc="1" el="80" ec="2" bec="0" bev="0" fileid="30" />
                <SequencePoint vc="0" uspid="81" ordinal="63" sl="81" sc="1" el="81" ec="2" bec="0" bev="0" fileid="30" />
                <SequencePoint vc="0" uspid="82" ordinal="64" sl="82" sc="1" el="82" ec="2" bec="0" bev="0" fileid="30" />
                <SequencePoint vc="0" uspid="83" ordinal="65" sl="83" sc="1" el="83" ec="2" bec="0" bev="0" fileid="30" />
                <SequencePoint vc="0" uspid="84" ordinal="66" sl="84" sc="1" el="84" ec="2" bec="0" bev="0" fileid="30" />
                <SequencePoint vc="0" uspid="85" ordinal="67" sl="85" sc="1" el="85" ec="2" bec="0" bev="0" fileid="30" />
                <SequencePoint vc="0" uspid="86" ordinal="68" sl="86" sc="1" el="86" ec="2" bec="0" bev="0" fileid="30" />
                <SequencePoint vc="0" uspid="87" ordinal="69" sl="87" sc="1" el="87" ec="2" bec="0" bev="0" fileid="30" />
                <SequencePoint vc="0" uspid="88" ordinal="70" sl="88" sc="1" el="88" ec="2" bec="0" bev="0" fileid="30" />
                <SequencePoint vc="0" uspid="89" ordinal="71" sl="89" sc="1" el="89" ec="2" bec="0" bev="0" fileid="30" />
                <SequencePoint vc="0" uspid="90" ordinal="72" sl="90" sc="1" el="90" ec="2" bec="0" bev="0" fileid="30" />
                <SequencePoint vc="0" uspid="91" ordinal="73" sl="91" sc="1" el="91" ec="2" bec="0" bev="0" fileid="30" />
                <SequencePoint vc="0" uspid="92" ordinal="74" sl="92" sc="1" el="92" ec="2" bec="0" bev="0" fileid="30" />
                <SequencePoint vc="0" uspid="93" ordinal="75" sl="93" sc="1" el="93" ec="2" bec="0" bev="0" fileid="30" />
                <SequencePoint vc="0" uspid="94" ordinal="76" sl="94" sc="1" el="94" ec="2" bec="0" bev="0" fileid="30" />
                <SequencePoint vc="0" uspid="95" ordinal="77" sl="95" sc="1" el="95" ec="2" bec="0" bev="0" fileid="30" />
                <SequencePoint vc="0" uspid="96" ordinal="78" sl="96" sc="1" el="96" ec="2" bec="0" bev="0" fileid="30" />
                <SequencePoint vc="0" uspid="97" ordinal="79" sl="97" sc="1" el="97" ec="2" bec="0" bev="0" fileid="30" />
                <SequencePoint vc="0" uspid="98" ordinal="80" sl="98" sc="1" el="98" ec="2" bec="0" bev="0" fileid="30" />
                <SequencePoint vc="0" uspid="99" ordinal="81" sl="99" sc="1" el="99" ec="2" bec="0" bev="0" fileid="30" />
                <SequencePoint vc="0" uspid="100" ordinal="82" sl="100" sc="1" el="100" ec="2" bec="0" bev="0" fileid="30" />
                <SequencePoint vc="0" uspid="101" ordinal="83" sl="101" sc="1" el="101" ec="2" bec="0" bev="0" fileid="30" />
                <SequencePoint vc="0" uspid="102" ordinal="84" sl="102" sc="1" el="102" ec="2" bec="0" bev="0" fileid="30" />
                <SequencePoint vc="0" uspid="103" ordinal="85" sl="103" sc="1" el="103" ec="2" bec="0" bev="0" fileid="30" />
                <SequencePoint vc="0" uspid="104" ordinal="86" sl="104" sc="1" el="104" ec="2" bec="0" bev="0" fileid="30" />
                <SequencePoint vc="0" uspid="105" ordinal="87" sl="105" sc="1" el="105" ec="2" bec="0" bev="0" fileid="30" />
                <SequencePoint vc="0" uspid="106" ordinal="88" sl="106" sc="1" el="106" ec="2" bec="0" bev="0" fileid="30" />
                <SequencePoint vc="0" uspid="107" ordinal="89" sl="107" sc="1" el="107" ec="2" bec="0" bev="0" fileid="30" />
                <SequencePoint vc="0" uspid="108" ordinal="90" sl="108" sc="1" el="108" ec="2" bec="0" bev="0" fileid="30" />
                <SequencePoint vc="0" uspid="109" ordinal="91" sl="109" sc="1" el="109" ec="2" bec="0" bev="0" fileid="30" />
                <SequencePoint vc="0" uspid="110" ordinal="92" sl="110" sc="1" el="110" ec="2" bec="0" bev="0" fileid="30" />
                <SequencePoint vc="0" uspid="111" ordinal="93" sl="111" sc="1" el="111" ec="2" bec="0" bev="0" fileid="30" />
                <SequencePoint vc="0" uspid="112" ordinal="94" sl="112" sc="1" el="112" ec="2" bec="0" bev="0" fileid="30" />
                <SequencePoint vc="0" uspid="113" ordinal="95" sl="113" sc="1" el="113" ec="2" bec="0" bev="0" fileid="30" />
                <SequencePoint vc="0" uspid="115" ordinal="96" sl="115" sc="1" el="115" ec="2" bec="0" bev="0" fileid="30" />
                <SequencePoint vc="0" uspid="116" ordinal="97" sl="116" sc="1" el="116" ec="2" bec="0" bev="0" fileid="30" />
                <SequencePoint vc="0" uspid="117" ordinal="98" sl="117" sc="1" el="117" ec="2" bec="0" bev="0" fileid="30" />
                <SequencePoint vc="0" uspid="118" ordinal="99" sl="118" sc="1" el="118" ec="2" bec="0" bev="0" fileid="30" />
                <SequencePoint vc="0" uspid="119" ordinal="100" sl="119" sc="1" el="119" ec="2" bec="0" bev="0" fileid="30" />
                <SequencePoint vc="0" uspid="120" ordinal="101" sl="120" sc="1" el="120" ec="2" bec="0" bev="0" fileid="30" />
                <SequencePoint vc="0" uspid="121" ordinal="102" sl="121" sc="1" el="121" ec="2" bec="0" bev="0" fileid="30" />
                <SequencePoint vc="0" uspid="122" ordinal="103" sl="122" sc="1" el="122" ec="2" bec="0" bev="0" fileid="30" />
                <SequencePoint vc="0" uspid="124" ordinal="104" sl="124" sc="1" el="124" ec="2" bec="0" bev="0" fileid="30" />
              </SequencePoints>
              <BranchPoints>
                <BranchPoint vc="0" uspid="22" ordinal="0" path="0" offset="63" offsetend="65" sl="22" fileid="30" />
                <BranchPoint vc="0" uspid="22" ordinal="1" path="1" offset="63" offsetend="88" sl="22" fileid="30" />
                <BranchPoint vc="0" uspid="68" ordinal="2" path="0" offset="106" offsetend="108" sl="68" fileid="30" />
                <BranchPoint vc="0" uspid="68" ordinal="3" path="1" offset="106" offsetend="131" sl="68" fileid="30" />
                <BranchPoint vc="0" uspid="115" ordinal="4" path="0" offset="149" offsetend="151" sl="115" fileid="30" />
                <BranchPoint vc="0" uspid="115" ordinal="5" path="1" offset="149" offsetend="174" sl="115" fileid="30" />
              </BranchPoints>
              <MethodPoint vc="0" uspid="0" p8:type="SequencePoint" ordinal="0" offset="0" sc="0" sl="15" ec="1" el="124" bec="0" bev="0" fileid="30" xmlns:p8="xsi" />
            </Method>
          </Methods>
        </Class>
      </Classes>
    </Module>
  </Modules>
</CoverageSession>